::1 - - [27/Jun/2017:03:38:10 +0000] "GET / HTTP/1.1" 200 1236
::1 - - [27/Jun/2017:03:38:10 +0000] "GET /styles.css HTTP/1.1" 404 149
::1 - - [27/Jun/2017:03:38:10 +0000] "GET /images.js HTTP/1.1" 404 148
::1 - - [27/Jun/2017:03:38:10 +0000] "GET /app.js HTTP/1.1" 404 145
::1 - - [27/Jun/2017:03:38:11 +0000] "GET /assets/hangman0.png/ HTTP/1.1" 404 159
::1 - - [27/Jun/2017:03:38:11 +0000] "GET /images.js HTTP/1.1" 404 148
::1 - - [27/Jun/2017:03:38:11 +0000] "GET /app.js HTTP/1.1" 404 145
::1 - - [27/Jun/2017:03:38:13 +0000] "GET / HTTP/1.1" 304 -
::1 - - [27/Jun/2017:03:38:13 +0000] "GET /styles.css HTTP/1.1" 404 149
::1 - - [27/Jun/2017:03:38:13 +0000] "GET /images.js HTTP/1.1" 404 148
::1 - - [27/Jun/2017:03:38:13 +0000] "GET /app.js HTTP/1.1" 404 145
::1 - - [27/Jun/2017:03:38:13 +0000] "GET /assets/hangman0.png/ HTTP/1.1" 404 159
::1 - - [27/Jun/2017:03:38:13 +0000] "GET /images.js HTTP/1.1" 404 148
::1 - - [27/Jun/2017:03:38:13 +0000] "GET /app.js HTTP/1.1" 404 145
::1 - - [27/Jun/2017:03:38:17 +0000] "GET / HTTP/1.1" 304 -
::1 - - [27/Jun/2017:03:38:17 +0000] "GET /styles.css HTTP/1.1" 404 149
::1 - - [27/Jun/2017:03:38:17 +0000] "GET /images.js HTTP/1.1" 404 148
::1 - - [27/Jun/2017:03:38:17 +0000] "GET /app.js HTTP/1.1" 404 145
::1 - - [27/Jun/2017:03:38:17 +0000] "GET /assets/hangman0.png/ HTTP/1.1" 404 159
::1 - - [27/Jun/2017:03:38:17 +0000] "GET /images.js HTTP/1.1" 404 148
::1 - - [27/Jun/2017:03:38:17 +0000] "GET /app.js HTTP/1.1" 404 145
