::1 - - [26/Jun/2017:20:41:57 +0000] "POST / HTTP/1.1" 200 997
::1 - - [26/Jun/2017:20:41:57 +0000] "GET /styles.css HTTP/1.1" 404 149
::1 - - [26/Jun/2017:20:41:57 +0000] "GET /app.js HTTP/1.1" 404 145
::1 - - [26/Jun/2017:20:41:57 +0000] "GET /app.js HTTP/1.1" 404 145
::1 - - [26/Jun/2017:20:41:59 +0000] "POST / HTTP/1.1" 200 997
::1 - - [26/Jun/2017:20:41:59 +0000] "GET /styles.css HTTP/1.1" 404 149
::1 - - [26/Jun/2017:20:41:59 +0000] "GET /app.js HTTP/1.1" 404 145
::1 - - [26/Jun/2017:20:41:59 +0000] "GET /app.js HTTP/1.1" 404 145
::1 - - [26/Jun/2017:20:42:02 +0000] "GET / HTTP/1.1" 200 1118
::1 - - [26/Jun/2017:20:42:02 +0000] "GET /styles.css HTTP/1.1" 404 149
::1 - - [26/Jun/2017:20:42:02 +0000] "GET /app.js HTTP/1.1" 404 145
::1 - - [26/Jun/2017:20:42:02 +0000] "GET /app.js HTTP/1.1" 404 145
::1 - - [26/Jun/2017:20:42:08 +0000] "GET / HTTP/1.1" 304 -
::1 - - [26/Jun/2017:20:42:08 +0000] "GET /styles.css HTTP/1.1" 404 149
::1 - - [26/Jun/2017:20:42:08 +0000] "GET /app.js HTTP/1.1" 404 145
::1 - - [26/Jun/2017:20:42:08 +0000] "GET /app.js HTTP/1.1" 404 145
::1 - - [26/Jun/2017:20:42:11 +0000] "POST / HTTP/1.1" 200 1118
::1 - - [26/Jun/2017:20:42:11 +0000] "GET /styles.css HTTP/1.1" 404 149
::1 - - [26/Jun/2017:20:42:11 +0000] "GET /app.js HTTP/1.1" 404 145
::1 - - [26/Jun/2017:20:42:12 +0000] "GET /app.js HTTP/1.1" 404 145
::1 - - [26/Jun/2017:20:42:14 +0000] "POST / HTTP/1.1" 200 1118
::1 - - [26/Jun/2017:20:42:14 +0000] "GET /styles.css HTTP/1.1" 404 149
::1 - - [26/Jun/2017:20:42:14 +0000] "GET /app.js HTTP/1.1" 404 145
::1 - - [26/Jun/2017:20:42:14 +0000] "GET /app.js HTTP/1.1" 404 145
::1 - - [26/Jun/2017:20:42:26 +0000] "POST / HTTP/1.1" 200 1118
::1 - - [26/Jun/2017:20:42:26 +0000] "GET /styles.css HTTP/1.1" 404 149
::1 - - [26/Jun/2017:20:42:26 +0000] "GET /app.js HTTP/1.1" 404 145
::1 - - [26/Jun/2017:20:42:26 +0000] "GET /app.js HTTP/1.1" 404 145
::1 - - [26/Jun/2017:20:42:30 +0000] "POST / HTTP/1.1" 200 1118
::1 - - [26/Jun/2017:20:42:30 +0000] "GET /styles.css HTTP/1.1" 404 149
::1 - - [26/Jun/2017:20:42:30 +0000] "GET /app.js HTTP/1.1" 404 145
::1 - - [26/Jun/2017:20:42:30 +0000] "GET /app.js HTTP/1.1" 404 145
