::1 - - [27/Jun/2017:04:27:45 +0000] "POST / HTTP/1.1" 500 2293
::1 - - [27/Jun/2017:04:27:49 +0000] "GET / HTTP/1.1" 200 1332
::1 - - [27/Jun/2017:04:27:49 +0000] "GET /styles.css HTTP/1.1" 404 149
::1 - - [27/Jun/2017:04:27:49 +0000] "GET /images.js HTTP/1.1" 404 148
::1 - - [27/Jun/2017:04:27:49 +0000] "GET /app.js HTTP/1.1" 404 145
::1 - - [27/Jun/2017:04:27:49 +0000] "GET /hangman0.png HTTP/1.1" 404 151
::1 - - [27/Jun/2017:04:27:49 +0000] "GET /images.js HTTP/1.1" 404 148
::1 - - [27/Jun/2017:04:27:49 +0000] "GET /app.js HTTP/1.1" 404 145
::1 - - [27/Jun/2017:04:27:54 +0000] "POST / HTTP/1.1" 200 1333
::1 - - [27/Jun/2017:04:27:54 +0000] "GET /styles.css HTTP/1.1" 404 149
::1 - - [27/Jun/2017:04:27:54 +0000] "GET /images.js HTTP/1.1" 404 148
::1 - - [27/Jun/2017:04:27:54 +0000] "GET /app.js HTTP/1.1" 404 145
::1 - - [27/Jun/2017:04:27:54 +0000] "GET /hangman0.png HTTP/1.1" 404 151
::1 - - [27/Jun/2017:04:27:54 +0000] "GET /images.js HTTP/1.1" 404 148
::1 - - [27/Jun/2017:04:27:54 +0000] "GET /app.js HTTP/1.1" 404 145
::1 - - [27/Jun/2017:04:27:58 +0000] "POST / HTTP/1.1" 200 1335
::1 - - [27/Jun/2017:04:27:58 +0000] "GET /styles.css HTTP/1.1" 404 149
::1 - - [27/Jun/2017:04:27:58 +0000] "GET /images.js HTTP/1.1" 404 148
::1 - - [27/Jun/2017:04:27:58 +0000] "GET /app.js HTTP/1.1" 404 145
::1 - - [27/Jun/2017:04:27:58 +0000] "GET /hangman0.png HTTP/1.1" 404 151
::1 - - [27/Jun/2017:04:27:58 +0000] "GET /images.js HTTP/1.1" 404 148
::1 - - [27/Jun/2017:04:27:58 +0000] "GET /app.js HTTP/1.1" 404 145
::1 - - [27/Jun/2017:04:28:01 +0000] "POST / HTTP/1.1" 200 1337
::1 - - [27/Jun/2017:04:28:01 +0000] "GET /app.js HTTP/1.1" 404 145
::1 - - [27/Jun/2017:04:28:01 +0000] "GET /styles.css HTTP/1.1" 404 149
::1 - - [27/Jun/2017:04:28:01 +0000] "GET /images.js HTTP/1.1" 404 148
::1 - - [27/Jun/2017:04:28:01 +0000] "GET /hangman0.png HTTP/1.1" 404 151
::1 - - [27/Jun/2017:04:28:01 +0000] "GET /app.js HTTP/1.1" 404 145
::1 - - [27/Jun/2017:04:28:01 +0000] "GET /hangman0.png HTTP/1.1" 404 151
::1 - - [27/Jun/2017:04:28:01 +0000] "GET /images.js HTTP/1.1" 404 148
::1 - - [27/Jun/2017:04:28:01 +0000] "GET /app.js HTTP/1.1" 404 145
::1 - - [27/Jun/2017:04:28:04 +0000] "POST / HTTP/1.1" 200 9
