::1 - - [27/Jun/2017:04:55:37 +0000] "GET / HTTP/1.1" 200 1239
::1 - - [27/Jun/2017:04:55:37 +0000] "GET /styles.css HTTP/1.1" 404 149
::1 - - [27/Jun/2017:04:55:37 +0000] "GET /images.js HTTP/1.1" 404 148
::1 - - [27/Jun/2017:04:55:37 +0000] "GET /app.js HTTP/1.1" 404 145
::1 - - [27/Jun/2017:04:55:37 +0000] "GET /images.js HTTP/1.1" 404 148
::1 - - [27/Jun/2017:04:55:37 +0000] "GET /app.js HTTP/1.1" 404 145
::1 - - [27/Jun/2017:04:55:40 +0000] "GET / HTTP/1.1" 304 -
::1 - - [27/Jun/2017:04:55:40 +0000] "GET /styles.css HTTP/1.1" 404 149
::1 - - [27/Jun/2017:04:55:40 +0000] "GET /images.js HTTP/1.1" 404 148
::1 - - [27/Jun/2017:04:55:40 +0000] "GET /app.js HTTP/1.1" 404 145
::1 - - [27/Jun/2017:04:55:40 +0000] "GET /images.js HTTP/1.1" 404 148
::1 - - [27/Jun/2017:04:55:40 +0000] "GET /app.js HTTP/1.1" 404 145
::1 - - [27/Jun/2017:04:55:46 +0000] "GET / HTTP/1.1" 304 -
::1 - - [27/Jun/2017:04:55:46 +0000] "GET /styles.css HTTP/1.1" 404 149
::1 - - [27/Jun/2017:04:55:46 +0000] "GET /images.js HTTP/1.1" 404 148
::1 - - [27/Jun/2017:04:55:46 +0000] "GET /app.js HTTP/1.1" 404 145
::1 - - [27/Jun/2017:04:55:46 +0000] "GET /images.js HTTP/1.1" 404 148
::1 - - [27/Jun/2017:04:55:46 +0000] "GET /app.js HTTP/1.1" 404 145
::1 - - [27/Jun/2017:04:55:49 +0000] "GET / HTTP/1.1" 304 -
::1 - - [27/Jun/2017:04:55:49 +0000] "GET /styles.css HTTP/1.1" 404 149
::1 - - [27/Jun/2017:04:55:49 +0000] "GET /images.js HTTP/1.1" 404 148
::1 - - [27/Jun/2017:04:55:49 +0000] "GET /app.js HTTP/1.1" 404 145
::1 - - [27/Jun/2017:04:55:49 +0000] "GET /images.js HTTP/1.1" 404 148
::1 - - [27/Jun/2017:04:55:49 +0000] "GET /app.js HTTP/1.1" 404 145
