::1 - - [27/Jun/2017:05:00:02 +0000] "POST / HTTP/1.1" 500 2293
::1 - - [27/Jun/2017:05:00:05 +0000] "GET / HTTP/1.1" 200 1254
::1 - - [27/Jun/2017:05:00:05 +0000] "GET /styles.css HTTP/1.1" 404 149
::1 - - [27/Jun/2017:05:00:05 +0000] "GET /images.js HTTP/1.1" 404 148
::1 - - [27/Jun/2017:05:00:05 +0000] "GET /app.js HTTP/1.1" 404 145
::1 - - [27/Jun/2017:05:00:05 +0000] "GET /images.js HTTP/1.1" 404 148
::1 - - [27/Jun/2017:05:00:05 +0000] "GET /app.js HTTP/1.1" 404 145
::1 - - [27/Jun/2017:05:00:13 +0000] "POST / HTTP/1.1" 200 1252
::1 - - [27/Jun/2017:05:00:13 +0000] "GET /styles.css HTTP/1.1" 404 149
::1 - - [27/Jun/2017:05:00:13 +0000] "GET /images.js HTTP/1.1" 404 148
::1 - - [27/Jun/2017:05:00:13 +0000] "GET /app.js HTTP/1.1" 404 145
::1 - - [27/Jun/2017:05:00:13 +0000] "GET /images.js HTTP/1.1" 404 148
::1 - - [27/Jun/2017:05:00:13 +0000] "GET /app.js HTTP/1.1" 404 145
::1 - - [27/Jun/2017:05:00:16 +0000] "POST / HTTP/1.1" 200 1250
::1 - - [27/Jun/2017:05:00:16 +0000] "GET /styles.css HTTP/1.1" 404 149
::1 - - [27/Jun/2017:05:00:16 +0000] "GET /images.js HTTP/1.1" 404 148
::1 - - [27/Jun/2017:05:00:16 +0000] "GET /app.js HTTP/1.1" 404 145
::1 - - [27/Jun/2017:05:00:16 +0000] "GET /images.js HTTP/1.1" 404 148
::1 - - [27/Jun/2017:05:00:16 +0000] "GET /app.js HTTP/1.1" 404 145
::1 - - [27/Jun/2017:05:00:20 +0000] "POST / HTTP/1.1" 200 1248
::1 - - [27/Jun/2017:05:00:20 +0000] "GET /app.js HTTP/1.1" 404 145
::1 - - [27/Jun/2017:05:00:20 +0000] "GET /styles.css HTTP/1.1" 404 149
::1 - - [27/Jun/2017:05:00:20 +0000] "GET /images.js HTTP/1.1" 404 148
::1 - - [27/Jun/2017:05:00:20 +0000] "GET /app.js HTTP/1.1" 404 145
::1 - - [27/Jun/2017:05:00:20 +0000] "GET /images.js HTTP/1.1" 404 148
::1 - - [27/Jun/2017:05:00:20 +0000] "GET /app.js HTTP/1.1" 404 145
::1 - - [27/Jun/2017:05:00:22 +0000] "POST / HTTP/1.1" 200 1247
::1 - - [27/Jun/2017:05:00:22 +0000] "GET /styles.css HTTP/1.1" 404 149
::1 - - [27/Jun/2017:05:00:22 +0000] "GET /images.js HTTP/1.1" 404 148
::1 - - [27/Jun/2017:05:00:22 +0000] "GET /app.js HTTP/1.1" 404 145
::1 - - [27/Jun/2017:05:00:22 +0000] "GET /images.js HTTP/1.1" 404 148
::1 - - [27/Jun/2017:05:00:22 +0000] "GET /app.js HTTP/1.1" 404 145
::1 - - [27/Jun/2017:05:00:27 +0000] "POST / HTTP/1.1" 200 1246
::1 - - [27/Jun/2017:05:00:27 +0000] "GET /styles.css HTTP/1.1" 404 149
::1 - - [27/Jun/2017:05:00:27 +0000] "GET /images.js HTTP/1.1" 404 148
::1 - - [27/Jun/2017:05:00:27 +0000] "GET /app.js HTTP/1.1" 404 145
::1 - - [27/Jun/2017:05:00:27 +0000] "GET /images.js HTTP/1.1" 404 148
::1 - - [27/Jun/2017:05:00:27 +0000] "GET /app.js HTTP/1.1" 404 145
::1 - - [27/Jun/2017:05:00:30 +0000] "POST / HTTP/1.1" 200 1245
::1 - - [27/Jun/2017:05:00:30 +0000] "GET /styles.css HTTP/1.1" 404 149
::1 - - [27/Jun/2017:05:00:30 +0000] "GET /images.js HTTP/1.1" 404 148
::1 - - [27/Jun/2017:05:00:30 +0000] "GET /app.js HTTP/1.1" 404 145
::1 - - [27/Jun/2017:05:00:30 +0000] "GET /images.js HTTP/1.1" 404 148
::1 - - [27/Jun/2017:05:00:30 +0000] "GET /app.js HTTP/1.1" 404 145
::1 - - [27/Jun/2017:05:00:34 +0000] "POST / HTTP/1.1" 200 1244
::1 - - [27/Jun/2017:05:00:34 +0000] "GET /styles.css HTTP/1.1" 404 149
::1 - - [27/Jun/2017:05:00:34 +0000] "GET /images.js HTTP/1.1" 404 148
::1 - - [27/Jun/2017:05:00:34 +0000] "GET /app.js HTTP/1.1" 404 145
::1 - - [27/Jun/2017:05:00:34 +0000] "GET /images.js HTTP/1.1" 404 148
::1 - - [27/Jun/2017:05:00:34 +0000] "GET /app.js HTTP/1.1" 404 145
::1 - - [27/Jun/2017:05:00:37 +0000] "POST / HTTP/1.1" 200 1243
::1 - - [27/Jun/2017:05:00:37 +0000] "GET /styles.css HTTP/1.1" 404 149
::1 - - [27/Jun/2017:05:00:37 +0000] "GET /images.js HTTP/1.1" 404 148
::1 - - [27/Jun/2017:05:00:37 +0000] "GET /app.js HTTP/1.1" 404 145
::1 - - [27/Jun/2017:05:00:37 +0000] "GET /images.js HTTP/1.1" 404 148
::1 - - [27/Jun/2017:05:00:37 +0000] "GET /app.js HTTP/1.1" 404 145
::1 - - [27/Jun/2017:14:54:58 +0000] "POST / HTTP/1.1" 200 1244
::1 - - [27/Jun/2017:14:54:58 +0000] "GET /styles.css HTTP/1.1" 404 149
::1 - - [27/Jun/2017:14:54:58 +0000] "GET /images.js HTTP/1.1" 404 148
::1 - - [27/Jun/2017:14:54:58 +0000] "GET /app.js HTTP/1.1" 404 145
::1 - - [27/Jun/2017:14:54:58 +0000] "GET /images.js HTTP/1.1" 404 148
::1 - - [27/Jun/2017:14:54:58 +0000] "GET /app.js HTTP/1.1" 404 145
::1 - - [27/Jun/2017:14:55:08 +0000] "POST / HTTP/1.1" 200 1246
::1 - - [27/Jun/2017:14:55:08 +0000] "GET /styles.css HTTP/1.1" 404 149
::1 - - [27/Jun/2017:14:55:08 +0000] "GET /images.js HTTP/1.1" 404 148
::1 - - [27/Jun/2017:14:55:08 +0000] "GET /app.js HTTP/1.1" 404 145
::1 - - [27/Jun/2017:14:55:08 +0000] "GET /images.js HTTP/1.1" 404 148
::1 - - [27/Jun/2017:14:55:08 +0000] "GET /app.js HTTP/1.1" 404 145
