::1 - - [27/Jun/2017:19:28:45 +0000] "GET / HTTP/1.1" 200 1184
::1 - - [27/Jun/2017:19:28:45 +0000] "GET /styles.css HTTP/1.1" 404 149
::1 - - [27/Jun/2017:19:28:45 +0000] "GET /images.js HTTP/1.1" 404 148
::1 - - [27/Jun/2017:19:28:45 +0000] "GET /app.js HTTP/1.1" 404 145
::1 - - [27/Jun/2017:19:28:45 +0000] "GET /images.js HTTP/1.1" 404 148
::1 - - [27/Jun/2017:19:28:45 +0000] "GET /app.js HTTP/1.1" 404 145
::1 - - [27/Jun/2017:19:28:50 +0000] "POST / HTTP/1.1" 200 1183
::1 - - [27/Jun/2017:19:28:50 +0000] "GET /styles.css HTTP/1.1" 404 149
::1 - - [27/Jun/2017:19:28:50 +0000] "GET /images.js HTTP/1.1" 404 148
::1 - - [27/Jun/2017:19:28:50 +0000] "GET /app.js HTTP/1.1" 404 145
::1 - - [27/Jun/2017:19:28:50 +0000] "GET /images.js HTTP/1.1" 404 148
::1 - - [27/Jun/2017:19:28:50 +0000] "GET /app.js HTTP/1.1" 404 145
::1 - - [27/Jun/2017:19:29:00 +0000] "POST / HTTP/1.1" 200 1184
::1 - - [27/Jun/2017:19:29:00 +0000] "GET /styles.css HTTP/1.1" 404 149
::1 - - [27/Jun/2017:19:29:00 +0000] "GET /images.js HTTP/1.1" 404 148
::1 - - [27/Jun/2017:19:29:00 +0000] "GET /app.js HTTP/1.1" 404 145
::1 - - [27/Jun/2017:19:29:00 +0000] "GET /images.js HTTP/1.1" 404 148
::1 - - [27/Jun/2017:19:29:00 +0000] "GET /app.js HTTP/1.1" 404 145
::1 - - [27/Jun/2017:19:29:04 +0000] "POST / HTTP/1.1" 200 1186
::1 - - [27/Jun/2017:19:29:04 +0000] "GET /styles.css HTTP/1.1" 404 149
::1 - - [27/Jun/2017:19:29:04 +0000] "GET /images.js HTTP/1.1" 404 148
::1 - - [27/Jun/2017:19:29:04 +0000] "GET /app.js HTTP/1.1" 404 145
::1 - - [27/Jun/2017:19:29:04 +0000] "GET /images.js HTTP/1.1" 404 148
::1 - - [27/Jun/2017:19:29:04 +0000] "GET /app.js HTTP/1.1" 404 145
::1 - - [27/Jun/2017:19:29:07 +0000] "POST / HTTP/1.1" 200 1188
::1 - - [27/Jun/2017:19:29:07 +0000] "GET /app.js HTTP/1.1" 404 145
::1 - - [27/Jun/2017:19:29:07 +0000] "GET /styles.css HTTP/1.1" 404 149
::1 - - [27/Jun/2017:19:29:07 +0000] "GET /images.js HTTP/1.1" 404 148
::1 - - [27/Jun/2017:19:29:07 +0000] "GET /app.js HTTP/1.1" 404 145
::1 - - [27/Jun/2017:19:29:07 +0000] "GET /images.js HTTP/1.1" 404 148
::1 - - [27/Jun/2017:19:29:07 +0000] "GET /app.js HTTP/1.1" 404 145
::1 - - [27/Jun/2017:19:29:09 +0000] "POST / HTTP/1.1" 200 1190
::1 - - [27/Jun/2017:19:29:09 +0000] "GET /styles.css HTTP/1.1" 404 149
::1 - - [27/Jun/2017:19:29:09 +0000] "GET /images.js HTTP/1.1" 404 148
::1 - - [27/Jun/2017:19:29:09 +0000] "GET /app.js HTTP/1.1" 404 145
::1 - - [27/Jun/2017:19:29:09 +0000] "GET /images.js HTTP/1.1" 404 148
::1 - - [27/Jun/2017:19:29:09 +0000] "GET /app.js HTTP/1.1" 404 145
::1 - - [27/Jun/2017:19:29:11 +0000] "POST / HTTP/1.1" 200 1192
::1 - - [27/Jun/2017:19:29:11 +0000] "GET /styles.css HTTP/1.1" 404 149
::1 - - [27/Jun/2017:19:29:11 +0000] "GET /images.js HTTP/1.1" 404 148
::1 - - [27/Jun/2017:19:29:11 +0000] "GET /app.js HTTP/1.1" 404 145
::1 - - [27/Jun/2017:19:29:11 +0000] "GET /images.js HTTP/1.1" 404 148
::1 - - [27/Jun/2017:19:29:11 +0000] "GET /app.js HTTP/1.1" 404 145
::1 - - [27/Jun/2017:19:29:13 +0000] "POST / HTTP/1.1" 200 1194
::1 - - [27/Jun/2017:19:29:13 +0000] "GET /styles.css HTTP/1.1" 404 149
::1 - - [27/Jun/2017:19:29:13 +0000] "GET /images.js HTTP/1.1" 404 148
::1 - - [27/Jun/2017:19:29:13 +0000] "GET /app.js HTTP/1.1" 404 145
::1 - - [27/Jun/2017:19:29:14 +0000] "GET /images.js HTTP/1.1" 404 148
::1 - - [27/Jun/2017:19:29:14 +0000] "GET /app.js HTTP/1.1" 404 145
::1 - - [27/Jun/2017:19:29:16 +0000] "POST / HTTP/1.1" 200 1196
::1 - - [27/Jun/2017:19:29:16 +0000] "GET /styles.css HTTP/1.1" 404 149
::1 - - [27/Jun/2017:19:29:16 +0000] "GET /images.js HTTP/1.1" 404 148
::1 - - [27/Jun/2017:19:29:16 +0000] "GET /app.js HTTP/1.1" 404 145
::1 - - [27/Jun/2017:19:29:16 +0000] "GET /images.js HTTP/1.1" 404 148
::1 - - [27/Jun/2017:19:29:16 +0000] "GET /app.js HTTP/1.1" 404 145
::1 - - [27/Jun/2017:19:29:18 +0000] "POST / HTTP/1.1" 500 2274
