::1 - - [27/Jun/2017:04:26:43 +0000] "GET / HTTP/1.1" 200 1257
::1 - - [27/Jun/2017:04:26:43 +0000] "GET /styles.css HTTP/1.1" 404 149
::1 - - [27/Jun/2017:04:26:43 +0000] "GET /images.js HTTP/1.1" 404 148
::1 - - [27/Jun/2017:04:26:43 +0000] "GET /app.js HTTP/1.1" 404 145
::1 - - [27/Jun/2017:04:26:43 +0000] "GET /hangman0.png HTTP/1.1" 404 151
::1 - - [27/Jun/2017:04:26:43 +0000] "GET /images.js HTTP/1.1" 404 148
::1 - - [27/Jun/2017:04:26:43 +0000] "GET /app.js HTTP/1.1" 404 145
::1 - - [27/Jun/2017:04:26:48 +0000] "POST / HTTP/1.1" 200 9
::1 - - [27/Jun/2017:04:26:52 +0000] "GET / HTTP/1.1" 200 1257
::1 - - [27/Jun/2017:04:26:53 +0000] "GET / HTTP/1.1" 304 -
::1 - - [27/Jun/2017:04:26:53 +0000] "GET /styles.css HTTP/1.1" 404 149
::1 - - [27/Jun/2017:04:26:53 +0000] "GET /images.js HTTP/1.1" 404 148
::1 - - [27/Jun/2017:04:26:53 +0000] "GET /app.js HTTP/1.1" 404 145
::1 - - [27/Jun/2017:04:26:53 +0000] "GET /hangman0.png HTTP/1.1" 404 151
::1 - - [27/Jun/2017:04:26:53 +0000] "GET /images.js HTTP/1.1" 404 148
::1 - - [27/Jun/2017:04:26:53 +0000] "GET /app.js HTTP/1.1" 404 145
::1 - - [27/Jun/2017:04:26:59 +0000] "POST / HTTP/1.1" 200 1258
::1 - - [27/Jun/2017:04:26:59 +0000] "GET /app.js HTTP/1.1" 404 145
::1 - - [27/Jun/2017:04:26:59 +0000] "GET /styles.css HTTP/1.1" 404 149
::1 - - [27/Jun/2017:04:26:59 +0000] "GET /images.js HTTP/1.1" 404 148
::1 - - [27/Jun/2017:04:26:59 +0000] "GET /hangman0.png HTTP/1.1" 404 151
::1 - - [27/Jun/2017:04:26:59 +0000] "GET /app.js HTTP/1.1" 404 145
::1 - - [27/Jun/2017:04:26:59 +0000] "GET /hangman0.png HTTP/1.1" 404 151
::1 - - [27/Jun/2017:04:26:59 +0000] "GET /images.js HTTP/1.1" 404 148
::1 - - [27/Jun/2017:04:26:59 +0000] "GET /app.js HTTP/1.1" 404 145
::1 - - [27/Jun/2017:04:27:02 +0000] "POST / HTTP/1.1" 200 1260
::1 - - [27/Jun/2017:04:27:02 +0000] "GET /styles.css HTTP/1.1" 404 149
::1 - - [27/Jun/2017:04:27:02 +0000] "GET /images.js HTTP/1.1" 404 148
::1 - - [27/Jun/2017:04:27:02 +0000] "GET /app.js HTTP/1.1" 404 145
::1 - - [27/Jun/2017:04:27:02 +0000] "GET /hangman0.png HTTP/1.1" 404 151
::1 - - [27/Jun/2017:04:27:02 +0000] "GET /images.js HTTP/1.1" 404 148
::1 - - [27/Jun/2017:04:27:02 +0000] "GET /app.js HTTP/1.1" 404 145
::1 - - [27/Jun/2017:04:27:05 +0000] "POST / HTTP/1.1" 200 9
