::1 - - [27/Jun/2017:19:44:14 +0000] "GET / HTTP/1.1" 200 1155
::1 - - [27/Jun/2017:19:44:14 +0000] "GET /images.js HTTP/1.1" 404 148
::1 - - [27/Jun/2017:19:44:14 +0000] "GET /app.js HTTP/1.1" 404 145
::1 - - [27/Jun/2017:19:44:14 +0000] "GET /images.js HTTP/1.1" 404 148
::1 - - [27/Jun/2017:19:44:14 +0000] "GET /app.js HTTP/1.1" 404 145
::1 - - [27/Jun/2017:19:44:19 +0000] "GET / HTTP/1.1" 304 -
::1 - - [27/Jun/2017:19:44:19 +0000] "GET /images.js HTTP/1.1" 404 148
::1 - - [27/Jun/2017:19:44:19 +0000] "GET /app.js HTTP/1.1" 404 145
::1 - - [27/Jun/2017:19:44:19 +0000] "GET /images.js HTTP/1.1" 404 148
::1 - - [27/Jun/2017:19:44:19 +0000] "GET /app.js HTTP/1.1" 404 145
::1 - - [27/Jun/2017:19:44:31 +0000] "POST / HTTP/1.1" 200 1154
::1 - - [27/Jun/2017:19:44:31 +0000] "GET /images.js HTTP/1.1" 404 148
::1 - - [27/Jun/2017:19:44:31 +0000] "GET /app.js HTTP/1.1" 404 145
::1 - - [27/Jun/2017:19:44:31 +0000] "GET /images.js HTTP/1.1" 404 148
::1 - - [27/Jun/2017:19:44:31 +0000] "GET /app.js HTTP/1.1" 404 145
::1 - - [27/Jun/2017:19:44:33 +0000] "POST / HTTP/1.1" 200 1151
::1 - - [27/Jun/2017:19:44:33 +0000] "GET /images.js HTTP/1.1" 404 148
::1 - - [27/Jun/2017:19:44:33 +0000] "GET /app.js HTTP/1.1" 404 145
::1 - - [27/Jun/2017:19:44:33 +0000] "GET /images.js HTTP/1.1" 404 148
::1 - - [27/Jun/2017:19:44:33 +0000] "GET /app.js HTTP/1.1" 404 145
::1 - - [27/Jun/2017:19:44:38 +0000] "POST / HTTP/1.1" 200 1153
::1 - - [27/Jun/2017:19:44:38 +0000] "GET /app.js HTTP/1.1" 404 145
::1 - - [27/Jun/2017:19:44:38 +0000] "GET /images.js HTTP/1.1" 404 148
::1 - - [27/Jun/2017:19:44:38 +0000] "GET /app.js HTTP/1.1" 404 145
::1 - - [27/Jun/2017:19:44:38 +0000] "GET /images.js HTTP/1.1" 404 148
::1 - - [27/Jun/2017:19:44:38 +0000] "GET /app.js HTTP/1.1" 404 145
