::1 - - [27/Jun/2017:04:29:22 +0000] "POST / HTTP/1.1" 500 2299
::1 - - [27/Jun/2017:04:29:29 +0000] "GET / HTTP/1.1" 200 1302
::1 - - [27/Jun/2017:04:29:29 +0000] "GET /styles.css HTTP/1.1" 404 149
::1 - - [27/Jun/2017:04:29:29 +0000] "GET /images.js HTTP/1.1" 404 148
::1 - - [27/Jun/2017:04:29:29 +0000] "GET /app.js HTTP/1.1" 404 145
::1 - - [27/Jun/2017:04:29:29 +0000] "GET /hangman0.png HTTP/1.1" 404 151
::1 - - [27/Jun/2017:04:29:29 +0000] "GET /images.js HTTP/1.1" 404 148
::1 - - [27/Jun/2017:04:29:29 +0000] "GET /app.js HTTP/1.1" 404 145
::1 - - [27/Jun/2017:04:29:33 +0000] "POST / HTTP/1.1" 200 1303
::1 - - [27/Jun/2017:04:29:33 +0000] "GET /styles.css HTTP/1.1" 404 149
::1 - - [27/Jun/2017:04:29:33 +0000] "GET /images.js HTTP/1.1" 404 148
::1 - - [27/Jun/2017:04:29:33 +0000] "GET /app.js HTTP/1.1" 404 145
::1 - - [27/Jun/2017:04:29:33 +0000] "GET /hangman0.png HTTP/1.1" 404 151
::1 - - [27/Jun/2017:04:29:33 +0000] "GET /images.js HTTP/1.1" 404 148
::1 - - [27/Jun/2017:04:29:33 +0000] "GET /app.js HTTP/1.1" 404 145
::1 - - [27/Jun/2017:04:29:35 +0000] "POST / HTTP/1.1" 200 1305
::1 - - [27/Jun/2017:04:29:35 +0000] "GET /images.js HTTP/1.1" 404 148
::1 - - [27/Jun/2017:04:29:35 +0000] "GET /styles.css HTTP/1.1" 404 149
::1 - - [27/Jun/2017:04:29:35 +0000] "GET /app.js HTTP/1.1" 404 145
::1 - - [27/Jun/2017:04:29:35 +0000] "GET /hangman0.png HTTP/1.1" 404 151
::1 - - [27/Jun/2017:04:29:35 +0000] "GET /app.js HTTP/1.1" 404 145
::1 - - [27/Jun/2017:04:29:35 +0000] "GET /hangman0.png HTTP/1.1" 404 151
::1 - - [27/Jun/2017:04:29:35 +0000] "GET /images.js HTTP/1.1" 404 148
::1 - - [27/Jun/2017:04:29:35 +0000] "GET /app.js HTTP/1.1" 404 145
::1 - - [27/Jun/2017:04:29:37 +0000] "POST / HTTP/1.1" 200 9
