::1 - - [27/Jun/2017:20:42:49 +0000] "POST / HTTP/1.1" 500 2293
::1 - - [27/Jun/2017:20:42:52 +0000] "GET / HTTP/1.1" 200 1230
::1 - - [27/Jun/2017:20:42:52 +0000] "GET /images.js HTTP/1.1" 404 148
::1 - - [27/Jun/2017:20:42:52 +0000] "GET /app.js HTTP/1.1" 404 145
::1 - - [27/Jun/2017:20:42:52 +0000] "GET /images.js HTTP/1.1" 404 148
::1 - - [27/Jun/2017:20:42:52 +0000] "GET /app.js HTTP/1.1" 404 145
::1 - - [27/Jun/2017:20:42:54 +0000] "POST / HTTP/1.1" 200 1225
::1 - - [27/Jun/2017:20:42:54 +0000] "GET /images.js HTTP/1.1" 404 148
::1 - - [27/Jun/2017:20:42:54 +0000] "GET /app.js HTTP/1.1" 404 145
::1 - - [27/Jun/2017:20:42:54 +0000] "GET /images.js HTTP/1.1" 404 148
::1 - - [27/Jun/2017:20:42:54 +0000] "GET /app.js HTTP/1.1" 404 145
::1 - - [27/Jun/2017:20:42:55 +0000] "POST / HTTP/1.1" 200 1224
::1 - - [27/Jun/2017:20:42:55 +0000] "GET /images.js HTTP/1.1" 404 148
::1 - - [27/Jun/2017:20:42:55 +0000] "GET /app.js HTTP/1.1" 404 145
::1 - - [27/Jun/2017:20:42:55 +0000] "GET /images.js HTTP/1.1" 404 148
::1 - - [27/Jun/2017:20:42:55 +0000] "GET /app.js HTTP/1.1" 404 145
::1 - - [27/Jun/2017:20:42:57 +0000] "POST / HTTP/1.1" 200 1223
::1 - - [27/Jun/2017:20:42:57 +0000] "GET /images.js HTTP/1.1" 404 148
::1 - - [27/Jun/2017:20:42:57 +0000] "GET /app.js HTTP/1.1" 404 145
::1 - - [27/Jun/2017:20:42:57 +0000] "GET /images.js HTTP/1.1" 404 148
::1 - - [27/Jun/2017:20:42:57 +0000] "GET /app.js HTTP/1.1" 404 145
::1 - - [27/Jun/2017:20:42:58 +0000] "POST / HTTP/1.1" 200 1221
::1 - - [27/Jun/2017:20:42:58 +0000] "GET /images.js HTTP/1.1" 404 148
::1 - - [27/Jun/2017:20:42:58 +0000] "GET /app.js HTTP/1.1" 404 145
::1 - - [27/Jun/2017:20:42:58 +0000] "GET /images.js HTTP/1.1" 404 148
::1 - - [27/Jun/2017:20:42:58 +0000] "GET /app.js HTTP/1.1" 404 145
::1 - - [27/Jun/2017:20:42:59 +0000] "POST / HTTP/1.1" 200 15
::1 - - [28/Jun/2017:13:50:49 +0000] "GET /companies HTTP/1.1" 404 148
::1 - - [28/Jun/2017:13:52:25 +0000] "POST /companies HTTP/1.1" 404 149
::1 - - [28/Jun/2017:14:11:50 +0000] "POST /companies HTTP/1.1" 404 149
::1 - - [28/Jun/2017:14:14:05 +0000] "POST / HTTP/1.1" 200 1226
::1 - - [28/Jun/2017:14:14:05 +0000] "GET /images.js HTTP/1.1" 404 148
::1 - - [28/Jun/2017:14:14:05 +0000] "GET /app.js HTTP/1.1" 404 145
::1 - - [28/Jun/2017:14:14:05 +0000] "GET /images.js HTTP/1.1" 404 148
::1 - - [28/Jun/2017:14:14:05 +0000] "GET /app.js HTTP/1.1" 404 145
::1 - - [28/Jun/2017:14:14:09 +0000] "GET / HTTP/1.1" 200 1230
::1 - - [28/Jun/2017:14:14:09 +0000] "GET /images.js HTTP/1.1" 404 148
::1 - - [28/Jun/2017:14:14:09 +0000] "GET /app.js HTTP/1.1" 404 145
::1 - - [28/Jun/2017:14:14:09 +0000] "GET /images.js HTTP/1.1" 404 148
::1 - - [28/Jun/2017:14:14:09 +0000] "GET /app.js HTTP/1.1" 404 145
