::1 - - [27/Jun/2017:14:56:47 +0000] "GET / HTTP/1.1" 200 1224
::1 - - [27/Jun/2017:14:56:47 +0000] "GET /styles.css HTTP/1.1" 404 149
::1 - - [27/Jun/2017:14:56:47 +0000] "GET /images.js HTTP/1.1" 404 148
::1 - - [27/Jun/2017:14:56:47 +0000] "GET /app.js HTTP/1.1" 404 145
::1 - - [27/Jun/2017:14:56:47 +0000] "GET /images.js HTTP/1.1" 404 148
::1 - - [27/Jun/2017:14:56:47 +0000] "GET /app.js HTTP/1.1" 404 145
::1 - - [27/Jun/2017:14:56:52 +0000] "POST / HTTP/1.1" 200 1225
::1 - - [27/Jun/2017:14:56:52 +0000] "GET /styles.css HTTP/1.1" 404 149
::1 - - [27/Jun/2017:14:56:52 +0000] "GET /images.js HTTP/1.1" 404 148
::1 - - [27/Jun/2017:14:56:52 +0000] "GET /app.js HTTP/1.1" 404 145
::1 - - [27/Jun/2017:14:56:52 +0000] "GET /images.js HTTP/1.1" 404 148
::1 - - [27/Jun/2017:14:56:52 +0000] "GET /app.js HTTP/1.1" 404 145
::1 - - [27/Jun/2017:14:56:57 +0000] "POST / HTTP/1.1" 200 1227
::1 - - [27/Jun/2017:14:56:57 +0000] "GET /styles.css HTTP/1.1" 404 149
::1 - - [27/Jun/2017:14:56:57 +0000] "GET /images.js HTTP/1.1" 404 148
::1 - - [27/Jun/2017:14:56:57 +0000] "GET /app.js HTTP/1.1" 404 145
::1 - - [27/Jun/2017:14:56:57 +0000] "GET /images.js HTTP/1.1" 404 148
::1 - - [27/Jun/2017:14:56:57 +0000] "GET /app.js HTTP/1.1" 404 145
::1 - - [27/Jun/2017:14:57:10 +0000] "POST / HTTP/1.1" 200 1226
::1 - - [27/Jun/2017:14:57:10 +0000] "GET /styles.css HTTP/1.1" 404 149
::1 - - [27/Jun/2017:14:57:10 +0000] "GET /images.js HTTP/1.1" 404 148
::1 - - [27/Jun/2017:14:57:10 +0000] "GET /app.js HTTP/1.1" 404 145
::1 - - [27/Jun/2017:14:57:10 +0000] "GET /images.js HTTP/1.1" 404 148
::1 - - [27/Jun/2017:14:57:10 +0000] "GET /app.js HTTP/1.1" 404 145
