::1 - - [27/Jun/2017:20:37:42 +0000] "GET /hjit HTTP/1.1" 404 143
::1 - - [27/Jun/2017:20:37:47 +0000] "GET / HTTP/1.1" 200 1186
::1 - - [27/Jun/2017:20:37:47 +0000] "GET /images.js HTTP/1.1" 404 148
::1 - - [27/Jun/2017:20:37:47 +0000] "GET /app.js HTTP/1.1" 404 145
::1 - - [27/Jun/2017:20:37:47 +0000] "GET /app.js HTTP/1.1" 404 145
::1 - - [27/Jun/2017:20:37:47 +0000] "GET /images.js HTTP/1.1" 404 148
::1 - - [27/Jun/2017:20:37:47 +0000] "GET /app.js HTTP/1.1" 404 145
::1 - - [27/Jun/2017:20:37:56 +0000] "POST / HTTP/1.1" 200 1185
::1 - - [27/Jun/2017:20:37:56 +0000] "GET /images.js HTTP/1.1" 404 148
::1 - - [27/Jun/2017:20:37:56 +0000] "GET /app.js HTTP/1.1" 404 145
::1 - - [27/Jun/2017:20:37:56 +0000] "GET /images.js HTTP/1.1" 404 148
::1 - - [27/Jun/2017:20:37:56 +0000] "GET /app.js HTTP/1.1" 404 145
::1 - - [27/Jun/2017:20:38:00 +0000] "POST / HTTP/1.1" 200 1184
::1 - - [27/Jun/2017:20:38:00 +0000] "GET /images.js HTTP/1.1" 404 148
::1 - - [27/Jun/2017:20:38:00 +0000] "GET /app.js HTTP/1.1" 404 145
::1 - - [27/Jun/2017:20:38:00 +0000] "GET /images.js HTTP/1.1" 404 148
::1 - - [27/Jun/2017:20:38:00 +0000] "GET /app.js HTTP/1.1" 404 145
::1 - - [27/Jun/2017:20:38:01 +0000] "POST / HTTP/1.1" 200 1179
::1 - - [27/Jun/2017:20:38:01 +0000] "GET /images.js HTTP/1.1" 404 148
::1 - - [27/Jun/2017:20:38:01 +0000] "GET /app.js HTTP/1.1" 404 145
::1 - - [27/Jun/2017:20:38:01 +0000] "GET /images.js HTTP/1.1" 404 148
::1 - - [27/Jun/2017:20:38:01 +0000] "GET /app.js HTTP/1.1" 404 145
::1 - - [27/Jun/2017:20:38:03 +0000] "POST / HTTP/1.1" 200 1179
::1 - - [27/Jun/2017:20:38:03 +0000] "GET /images.js HTTP/1.1" 404 148
::1 - - [27/Jun/2017:20:38:03 +0000] "GET /app.js HTTP/1.1" 404 145
::1 - - [27/Jun/2017:20:38:03 +0000] "GET /images.js HTTP/1.1" 404 148
::1 - - [27/Jun/2017:20:38:03 +0000] "GET /app.js HTTP/1.1" 404 145
::1 - - [27/Jun/2017:20:38:06 +0000] "POST / HTTP/1.1" 200 1181
::1 - - [27/Jun/2017:20:38:06 +0000] "GET /images.js HTTP/1.1" 404 148
::1 - - [27/Jun/2017:20:38:06 +0000] "GET /app.js HTTP/1.1" 404 145
::1 - - [27/Jun/2017:20:38:06 +0000] "GET /images.js HTTP/1.1" 404 148
::1 - - [27/Jun/2017:20:38:06 +0000] "GET /app.js HTTP/1.1" 404 145
::1 - - [27/Jun/2017:20:38:08 +0000] "POST / HTTP/1.1" 200 1180
::1 - - [27/Jun/2017:20:38:08 +0000] "GET /images.js HTTP/1.1" 404 148
::1 - - [27/Jun/2017:20:38:08 +0000] "GET /app.js HTTP/1.1" 404 145
::1 - - [27/Jun/2017:20:38:08 +0000] "GET /images.js HTTP/1.1" 404 148
::1 - - [27/Jun/2017:20:38:08 +0000] "GET /app.js HTTP/1.1" 404 145
::1 - - [27/Jun/2017:20:38:11 +0000] "POST / HTTP/1.1" 200 1182
::1 - - [27/Jun/2017:20:38:11 +0000] "GET /images.js HTTP/1.1" 404 148
::1 - - [27/Jun/2017:20:38:11 +0000] "GET /app.js HTTP/1.1" 404 145
::1 - - [27/Jun/2017:20:38:11 +0000] "GET /images.js HTTP/1.1" 404 148
::1 - - [27/Jun/2017:20:38:11 +0000] "GET /app.js HTTP/1.1" 404 145
::1 - - [27/Jun/2017:20:38:16 +0000] "POST / HTTP/1.1" 200 1184
::1 - - [27/Jun/2017:20:38:16 +0000] "GET /app.js HTTP/1.1" 404 145
::1 - - [27/Jun/2017:20:38:16 +0000] "GET /images.js HTTP/1.1" 404 148
::1 - - [27/Jun/2017:20:38:16 +0000] "GET /app.js HTTP/1.1" 404 145
::1 - - [27/Jun/2017:20:38:16 +0000] "GET /images.js HTTP/1.1" 404 148
::1 - - [27/Jun/2017:20:38:16 +0000] "GET /app.js HTTP/1.1" 404 145
::1 - - [27/Jun/2017:20:38:19 +0000] "POST / HTTP/1.1" 200 1186
::1 - - [27/Jun/2017:20:38:19 +0000] "GET /images.js HTTP/1.1" 404 148
::1 - - [27/Jun/2017:20:38:19 +0000] "GET /app.js HTTP/1.1" 404 145
::1 - - [27/Jun/2017:20:38:19 +0000] "GET /images.js HTTP/1.1" 404 148
::1 - - [27/Jun/2017:20:38:19 +0000] "GET /app.js HTTP/1.1" 404 145
::1 - - [27/Jun/2017:20:38:23 +0000] "POST / HTTP/1.1" 200 1185
::1 - - [27/Jun/2017:20:38:23 +0000] "GET /images.js HTTP/1.1" 404 148
::1 - - [27/Jun/2017:20:38:23 +0000] "GET /app.js HTTP/1.1" 404 145
::1 - - [27/Jun/2017:20:38:23 +0000] "GET /images.js HTTP/1.1" 404 148
::1 - - [27/Jun/2017:20:38:23 +0000] "GET /app.js HTTP/1.1" 404 145
::1 - - [27/Jun/2017:20:38:28 +0000] "POST / HTTP/1.1" 200 1185
::1 - - [27/Jun/2017:20:38:28 +0000] "GET /images.js HTTP/1.1" 404 148
::1 - - [27/Jun/2017:20:38:28 +0000] "GET /app.js HTTP/1.1" 404 145
::1 - - [27/Jun/2017:20:38:28 +0000] "GET /images.js HTTP/1.1" 404 148
::1 - - [27/Jun/2017:20:38:28 +0000] "GET /app.js HTTP/1.1" 404 145
::1 - - [27/Jun/2017:20:38:38 +0000] "POST / HTTP/1.1" 200 1183
::1 - - [27/Jun/2017:20:38:38 +0000] "GET /images.js HTTP/1.1" 404 148
::1 - - [27/Jun/2017:20:38:38 +0000] "GET /app.js HTTP/1.1" 404 145
::1 - - [27/Jun/2017:20:38:38 +0000] "GET /images.js HTTP/1.1" 404 148
::1 - - [27/Jun/2017:20:38:38 +0000] "GET /app.js HTTP/1.1" 404 145
::1 - - [27/Jun/2017:20:38:41 +0000] "POST / HTTP/1.1" 200 1185
::1 - - [27/Jun/2017:20:38:41 +0000] "GET /images.js HTTP/1.1" 404 148
::1 - - [27/Jun/2017:20:38:41 +0000] "GET /app.js HTTP/1.1" 404 145
::1 - - [27/Jun/2017:20:38:41 +0000] "GET /images.js HTTP/1.1" 404 148
::1 - - [27/Jun/2017:20:38:41 +0000] "GET /app.js HTTP/1.1" 404 145
::1 - - [27/Jun/2017:20:38:46 +0000] "POST / HTTP/1.1" 200 1187
::1 - - [27/Jun/2017:20:38:46 +0000] "GET /images.js HTTP/1.1" 404 148
::1 - - [27/Jun/2017:20:38:46 +0000] "GET /app.js HTTP/1.1" 404 145
::1 - - [27/Jun/2017:20:38:46 +0000] "GET /images.js HTTP/1.1" 404 148
::1 - - [27/Jun/2017:20:38:46 +0000] "GET /app.js HTTP/1.1" 404 145
::1 - - [27/Jun/2017:20:38:54 +0000] "POST / HTTP/1.1" 200 1187
::1 - - [27/Jun/2017:20:38:54 +0000] "GET /images.js HTTP/1.1" 404 148
::1 - - [27/Jun/2017:20:38:54 +0000] "GET /app.js HTTP/1.1" 404 145
::1 - - [27/Jun/2017:20:38:54 +0000] "GET /images.js HTTP/1.1" 404 148
::1 - - [27/Jun/2017:20:38:54 +0000] "GET /app.js HTTP/1.1" 404 145
::1 - - [27/Jun/2017:20:38:57 +0000] "POST / HTTP/1.1" 500 2274
