::1 - - [27/Jun/2017:15:02:40 +0000] "GET /app.js HTTP/1.1" 404 145
::1 - - [27/Jun/2017:15:02:42 +0000] "GET / HTTP/1.1" 200 1224
::1 - - [27/Jun/2017:15:02:42 +0000] "GET /styles.css HTTP/1.1" 404 149
::1 - - [27/Jun/2017:15:02:42 +0000] "GET /images.js HTTP/1.1" 404 148
::1 - - [27/Jun/2017:15:02:42 +0000] "GET /app.js HTTP/1.1" 404 145
::1 - - [27/Jun/2017:15:02:42 +0000] "GET /images.js HTTP/1.1" 404 148
::1 - - [27/Jun/2017:15:02:42 +0000] "GET /app.js HTTP/1.1" 404 145
::1 - - [27/Jun/2017:15:02:47 +0000] "POST / HTTP/1.1" 200 1225
::1 - - [27/Jun/2017:15:02:47 +0000] "GET /styles.css HTTP/1.1" 404 149
::1 - - [27/Jun/2017:15:02:47 +0000] "GET /images.js HTTP/1.1" 404 148
::1 - - [27/Jun/2017:15:02:47 +0000] "GET /app.js HTTP/1.1" 404 145
::1 - - [27/Jun/2017:15:02:47 +0000] "GET /images.js HTTP/1.1" 404 148
::1 - - [27/Jun/2017:15:02:47 +0000] "GET /app.js HTTP/1.1" 404 145
::1 - - [27/Jun/2017:15:02:52 +0000] "POST / HTTP/1.1" 200 1227
::1 - - [27/Jun/2017:15:02:52 +0000] "GET /images.js HTTP/1.1" 404 148
::1 - - [27/Jun/2017:15:02:52 +0000] "GET /styles.css HTTP/1.1" 404 149
::1 - - [27/Jun/2017:15:02:52 +0000] "GET /app.js HTTP/1.1" 404 145
::1 - - [27/Jun/2017:15:02:52 +0000] "GET /app.js HTTP/1.1" 404 145
::1 - - [27/Jun/2017:15:02:52 +0000] "GET /images.js HTTP/1.1" 404 148
::1 - - [27/Jun/2017:15:02:52 +0000] "GET /app.js HTTP/1.1" 404 145
::1 - - [27/Jun/2017:15:02:56 +0000] "POST / HTTP/1.1" 200 1226
::1 - - [27/Jun/2017:15:02:56 +0000] "GET /images.js HTTP/1.1" 404 148
::1 - - [27/Jun/2017:15:02:56 +0000] "GET /app.js HTTP/1.1" 404 145
::1 - - [27/Jun/2017:15:02:56 +0000] "GET /styles.css HTTP/1.1" 404 149
::1 - - [27/Jun/2017:15:02:56 +0000] "GET /app.js HTTP/1.1" 404 145
::1 - - [27/Jun/2017:15:02:56 +0000] "GET /images.js HTTP/1.1" 404 148
::1 - - [27/Jun/2017:15:02:56 +0000] "GET /app.js HTTP/1.1" 404 145
::1 - - [27/Jun/2017:15:04:29 +0000] "POST / HTTP/1.1" 200 1224
::1 - - [27/Jun/2017:15:04:29 +0000] "GET /styles.css HTTP/1.1" 404 149
::1 - - [27/Jun/2017:15:04:29 +0000] "GET /images.js HTTP/1.1" 404 148
::1 - - [27/Jun/2017:15:04:29 +0000] "GET /app.js HTTP/1.1" 404 145
::1 - - [27/Jun/2017:15:04:29 +0000] "GET /images.js HTTP/1.1" 404 148
::1 - - [27/Jun/2017:15:04:29 +0000] "GET /app.js HTTP/1.1" 404 145
::1 - - [27/Jun/2017:15:04:35 +0000] "POST / HTTP/1.1" 200 1223
::1 - - [27/Jun/2017:15:04:35 +0000] "GET /styles.css HTTP/1.1" 404 149
::1 - - [27/Jun/2017:15:04:35 +0000] "GET /images.js HTTP/1.1" 404 148
::1 - - [27/Jun/2017:15:04:35 +0000] "GET /app.js HTTP/1.1" 404 145
::1 - - [27/Jun/2017:15:04:35 +0000] "GET /images.js HTTP/1.1" 404 148
::1 - - [27/Jun/2017:15:04:35 +0000] "GET /app.js HTTP/1.1" 404 145
::1 - - [27/Jun/2017:15:04:36 +0000] "POST / HTTP/1.1" 200 1222
::1 - - [27/Jun/2017:15:04:36 +0000] "GET /app.js HTTP/1.1" 404 145
::1 - - [27/Jun/2017:15:04:36 +0000] "GET /styles.css HTTP/1.1" 404 149
::1 - - [27/Jun/2017:15:04:36 +0000] "GET /images.js HTTP/1.1" 404 148
::1 - - [27/Jun/2017:15:04:36 +0000] "GET /app.js HTTP/1.1" 404 145
::1 - - [27/Jun/2017:15:04:36 +0000] "GET /images.js HTTP/1.1" 404 148
::1 - - [27/Jun/2017:15:04:36 +0000] "GET /app.js HTTP/1.1" 404 145
::1 - - [27/Jun/2017:15:04:39 +0000] "POST / HTTP/1.1" 200 1221
::1 - - [27/Jun/2017:15:04:39 +0000] "GET /styles.css HTTP/1.1" 404 149
::1 - - [27/Jun/2017:15:04:39 +0000] "GET /images.js HTTP/1.1" 404 148
::1 - - [27/Jun/2017:15:04:39 +0000] "GET /app.js HTTP/1.1" 404 145
::1 - - [27/Jun/2017:15:04:39 +0000] "GET /images.js HTTP/1.1" 404 148
::1 - - [27/Jun/2017:15:04:39 +0000] "GET /app.js HTTP/1.1" 404 145
::1 - - [27/Jun/2017:15:04:43 +0000] "POST / HTTP/1.1" 200 1219
::1 - - [27/Jun/2017:15:04:43 +0000] "GET /styles.css HTTP/1.1" 404 149
::1 - - [27/Jun/2017:15:04:43 +0000] "GET /images.js HTTP/1.1" 404 148
::1 - - [27/Jun/2017:15:04:43 +0000] "GET /app.js HTTP/1.1" 404 145
::1 - - [27/Jun/2017:15:04:43 +0000] "GET /images.js HTTP/1.1" 404 148
::1 - - [27/Jun/2017:15:04:43 +0000] "GET /app.js HTTP/1.1" 404 145
::1 - - [27/Jun/2017:15:04:46 +0000] "POST / HTTP/1.1" 500 2274
