::1 - - [27/Jun/2017:18:52:31 +0000] "GET / HTTP/1.1" 200 1184
::1 - - [27/Jun/2017:18:52:31 +0000] "GET /styles.css HTTP/1.1" 404 149
::1 - - [27/Jun/2017:18:52:31 +0000] "GET /images.js HTTP/1.1" 404 148
::1 - - [27/Jun/2017:18:52:31 +0000] "GET /app.js HTTP/1.1" 404 145
::1 - - [27/Jun/2017:18:52:31 +0000] "GET /images.js HTTP/1.1" 404 148
::1 - - [27/Jun/2017:18:52:31 +0000] "GET /app.js HTTP/1.1" 404 145
::1 - - [27/Jun/2017:18:52:46 +0000] "POST / HTTP/1.1" 200 1185
::1 - - [27/Jun/2017:18:52:46 +0000] "GET /images.js HTTP/1.1" 404 148
::1 - - [27/Jun/2017:18:52:46 +0000] "GET /styles.css HTTP/1.1" 404 149
::1 - - [27/Jun/2017:18:52:46 +0000] "GET /app.js HTTP/1.1" 404 145
::1 - - [27/Jun/2017:18:52:46 +0000] "GET /app.js HTTP/1.1" 404 145
::1 - - [27/Jun/2017:18:52:46 +0000] "GET /images.js HTTP/1.1" 404 148
::1 - - [27/Jun/2017:18:52:46 +0000] "GET /app.js HTTP/1.1" 404 145
::1 - - [27/Jun/2017:18:52:57 +0000] "POST / HTTP/1.1" 200 1187
::1 - - [27/Jun/2017:18:52:57 +0000] "GET /images.js HTTP/1.1" 404 148
::1 - - [27/Jun/2017:18:52:57 +0000] "GET /styles.css HTTP/1.1" 404 149
::1 - - [27/Jun/2017:18:52:57 +0000] "GET /app.js HTTP/1.1" 404 145
::1 - - [27/Jun/2017:18:52:57 +0000] "GET /app.js HTTP/1.1" 404 145
::1 - - [27/Jun/2017:18:52:57 +0000] "GET /images.js HTTP/1.1" 404 148
::1 - - [27/Jun/2017:18:52:57 +0000] "GET /app.js HTTP/1.1" 404 145
