::1 - - [27/Jun/2017:04:40:17 +0000] "POST / HTTP/1.1" 500 2297
::1 - - [27/Jun/2017:04:40:21 +0000] "GET / HTTP/1.1" 200 1239
::1 - - [27/Jun/2017:04:40:21 +0000] "GET /app.js HTTP/1.1" 404 145
::1 - - [27/Jun/2017:04:40:21 +0000] "GET /styles.css HTTP/1.1" 404 149
::1 - - [27/Jun/2017:04:40:21 +0000] "GET /images.js HTTP/1.1" 404 148
::1 - - [27/Jun/2017:04:40:21 +0000] "GET /app.js HTTP/1.1" 404 145
::1 - - [27/Jun/2017:04:40:21 +0000] "GET /images.js HTTP/1.1" 404 148
::1 - - [27/Jun/2017:04:40:21 +0000] "GET /app.js HTTP/1.1" 404 145
::1 - - [27/Jun/2017:04:40:25 +0000] "POST / HTTP/1.1" 200 1240
::1 - - [27/Jun/2017:04:40:25 +0000] "GET /styles.css HTTP/1.1" 404 149
::1 - - [27/Jun/2017:04:40:25 +0000] "GET /images.js HTTP/1.1" 404 148
::1 - - [27/Jun/2017:04:40:25 +0000] "GET /app.js HTTP/1.1" 404 145
::1 - - [27/Jun/2017:04:40:25 +0000] "GET /images.js HTTP/1.1" 404 148
::1 - - [27/Jun/2017:04:40:25 +0000] "GET /app.js HTTP/1.1" 404 145
::1 - - [27/Jun/2017:04:40:28 +0000] "POST / HTTP/1.1" 200 1242
::1 - - [27/Jun/2017:04:40:28 +0000] "GET /styles.css HTTP/1.1" 404 149
::1 - - [27/Jun/2017:04:40:28 +0000] "GET /images.js HTTP/1.1" 404 148
::1 - - [27/Jun/2017:04:40:28 +0000] "GET /app.js HTTP/1.1" 404 145
::1 - - [27/Jun/2017:04:40:28 +0000] "GET /images.js HTTP/1.1" 404 148
::1 - - [27/Jun/2017:04:40:28 +0000] "GET /app.js HTTP/1.1" 404 145
::1 - - [27/Jun/2017:04:40:30 +0000] "POST / HTTP/1.1" 200 1241
::1 - - [27/Jun/2017:04:40:30 +0000] "GET /styles.css HTTP/1.1" 404 149
::1 - - [27/Jun/2017:04:40:30 +0000] "GET /images.js HTTP/1.1" 404 148
::1 - - [27/Jun/2017:04:40:30 +0000] "GET /app.js HTTP/1.1" 404 145
::1 - - [27/Jun/2017:04:40:30 +0000] "GET /images.js HTTP/1.1" 404 148
::1 - - [27/Jun/2017:04:40:30 +0000] "GET /app.js HTTP/1.1" 404 145
::1 - - [27/Jun/2017:04:40:33 +0000] "POST / HTTP/1.1" 200 1241
::1 - - [27/Jun/2017:04:40:33 +0000] "GET /styles.css HTTP/1.1" 404 149
::1 - - [27/Jun/2017:04:40:33 +0000] "GET /images.js HTTP/1.1" 404 148
::1 - - [27/Jun/2017:04:40:33 +0000] "GET /app.js HTTP/1.1" 404 145
::1 - - [27/Jun/2017:04:40:33 +0000] "GET /images.js HTTP/1.1" 404 148
::1 - - [27/Jun/2017:04:40:33 +0000] "GET /app.js HTTP/1.1" 404 145
::1 - - [27/Jun/2017:04:40:36 +0000] "POST / HTTP/1.1" 200 1240
::1 - - [27/Jun/2017:04:40:36 +0000] "GET /images.js HTTP/1.1" 404 148
::1 - - [27/Jun/2017:04:40:36 +0000] "GET /styles.css HTTP/1.1" 404 149
::1 - - [27/Jun/2017:04:40:36 +0000] "GET /app.js HTTP/1.1" 404 145
::1 - - [27/Jun/2017:04:40:36 +0000] "GET /app.js HTTP/1.1" 404 145
::1 - - [27/Jun/2017:04:40:36 +0000] "GET /images.js HTTP/1.1" 404 148
::1 - - [27/Jun/2017:04:40:36 +0000] "GET /app.js HTTP/1.1" 404 145
::1 - - [27/Jun/2017:04:40:39 +0000] "POST / HTTP/1.1" 200 1239
::1 - - [27/Jun/2017:04:40:39 +0000] "GET /styles.css HTTP/1.1" 404 149
::1 - - [27/Jun/2017:04:40:39 +0000] "GET /images.js HTTP/1.1" 404 148
::1 - - [27/Jun/2017:04:40:39 +0000] "GET /app.js HTTP/1.1" 404 145
::1 - - [27/Jun/2017:04:40:39 +0000] "GET /images.js HTTP/1.1" 404 148
::1 - - [27/Jun/2017:04:40:39 +0000] "GET /app.js HTTP/1.1" 404 145
::1 - - [27/Jun/2017:04:40:42 +0000] "POST / HTTP/1.1" 200 1241
::1 - - [27/Jun/2017:04:40:42 +0000] "GET /styles.css HTTP/1.1" 404 149
::1 - - [27/Jun/2017:04:40:42 +0000] "GET /images.js HTTP/1.1" 404 148
::1 - - [27/Jun/2017:04:40:42 +0000] "GET /app.js HTTP/1.1" 404 145
::1 - - [27/Jun/2017:04:40:42 +0000] "GET /images.js HTTP/1.1" 404 148
::1 - - [27/Jun/2017:04:40:42 +0000] "GET /app.js HTTP/1.1" 404 145
::1 - - [27/Jun/2017:04:40:45 +0000] "POST / HTTP/1.1" 200 1243
::1 - - [27/Jun/2017:04:40:45 +0000] "GET /styles.css HTTP/1.1" 404 149
::1 - - [27/Jun/2017:04:40:45 +0000] "GET /images.js HTTP/1.1" 404 148
::1 - - [27/Jun/2017:04:40:45 +0000] "GET /app.js HTTP/1.1" 404 145
::1 - - [27/Jun/2017:04:40:45 +0000] "GET /images.js HTTP/1.1" 404 148
::1 - - [27/Jun/2017:04:40:45 +0000] "GET /app.js HTTP/1.1" 404 145
::1 - - [27/Jun/2017:04:40:49 +0000] "POST / HTTP/1.1" 200 1242
::1 - - [27/Jun/2017:04:40:49 +0000] "GET /styles.css HTTP/1.1" 404 149
::1 - - [27/Jun/2017:04:40:49 +0000] "GET /images.js HTTP/1.1" 404 148
::1 - - [27/Jun/2017:04:40:49 +0000] "GET /app.js HTTP/1.1" 404 145
::1 - - [27/Jun/2017:04:40:49 +0000] "GET /images.js HTTP/1.1" 404 148
::1 - - [27/Jun/2017:04:40:49 +0000] "GET /app.js HTTP/1.1" 404 145
::1 - - [27/Jun/2017:04:40:52 +0000] "POST / HTTP/1.1" 200 1244
::1 - - [27/Jun/2017:04:40:52 +0000] "GET /styles.css HTTP/1.1" 404 149
::1 - - [27/Jun/2017:04:40:52 +0000] "GET /images.js HTTP/1.1" 404 148
::1 - - [27/Jun/2017:04:40:52 +0000] "GET /app.js HTTP/1.1" 404 145
::1 - - [27/Jun/2017:04:40:52 +0000] "GET /images.js HTTP/1.1" 404 148
::1 - - [27/Jun/2017:04:40:52 +0000] "GET /app.js HTTP/1.1" 404 145
::1 - - [27/Jun/2017:04:40:54 +0000] "POST / HTTP/1.1" 200 1246
::1 - - [27/Jun/2017:04:40:54 +0000] "GET /styles.css HTTP/1.1" 404 149
::1 - - [27/Jun/2017:04:40:54 +0000] "GET /images.js HTTP/1.1" 404 148
::1 - - [27/Jun/2017:04:40:54 +0000] "GET /app.js HTTP/1.1" 404 145
::1 - - [27/Jun/2017:04:40:54 +0000] "GET /images.js HTTP/1.1" 404 148
::1 - - [27/Jun/2017:04:40:54 +0000] "GET /app.js HTTP/1.1" 404 145
::1 - - [27/Jun/2017:04:40:57 +0000] "POST / HTTP/1.1" 200 1245
::1 - - [27/Jun/2017:04:40:57 +0000] "GET /styles.css HTTP/1.1" 404 149
::1 - - [27/Jun/2017:04:40:57 +0000] "GET /images.js HTTP/1.1" 404 148
::1 - - [27/Jun/2017:04:40:57 +0000] "GET /app.js HTTP/1.1" 404 145
::1 - - [27/Jun/2017:04:40:57 +0000] "GET /images.js HTTP/1.1" 404 148
::1 - - [27/Jun/2017:04:40:57 +0000] "GET /app.js HTTP/1.1" 404 145
::1 - - [27/Jun/2017:04:41:02 +0000] "POST / HTTP/1.1" 200 1243
::1 - - [27/Jun/2017:04:41:02 +0000] "GET /styles.css HTTP/1.1" 404 149
::1 - - [27/Jun/2017:04:41:02 +0000] "GET /images.js HTTP/1.1" 404 148
::1 - - [27/Jun/2017:04:41:02 +0000] "GET /app.js HTTP/1.1" 404 145
::1 - - [27/Jun/2017:04:41:02 +0000] "GET /images.js HTTP/1.1" 404 148
::1 - - [27/Jun/2017:04:41:02 +0000] "GET /app.js HTTP/1.1" 404 145
::1 - - [27/Jun/2017:04:41:09 +0000] "POST / HTTP/1.1" 200 1245
::1 - - [27/Jun/2017:04:41:09 +0000] "GET /styles.css HTTP/1.1" 404 149
::1 - - [27/Jun/2017:04:41:09 +0000] "GET /images.js HTTP/1.1" 404 148
::1 - - [27/Jun/2017:04:41:09 +0000] "GET /app.js HTTP/1.1" 404 145
::1 - - [27/Jun/2017:04:41:09 +0000] "GET /images.js HTTP/1.1" 404 148
::1 - - [27/Jun/2017:04:41:09 +0000] "GET /app.js HTTP/1.1" 404 145
::1 - - [27/Jun/2017:04:41:12 +0000] "POST / HTTP/1.1" 200 1247
::1 - - [27/Jun/2017:04:41:12 +0000] "GET /styles.css HTTP/1.1" 404 149
::1 - - [27/Jun/2017:04:41:12 +0000] "GET /images.js HTTP/1.1" 404 148
::1 - - [27/Jun/2017:04:41:12 +0000] "GET /app.js HTTP/1.1" 404 145
::1 - - [27/Jun/2017:04:41:12 +0000] "GET /images.js HTTP/1.1" 404 148
::1 - - [27/Jun/2017:04:41:12 +0000] "GET /app.js HTTP/1.1" 404 145
::1 - - [27/Jun/2017:04:41:14 +0000] "POST / HTTP/1.1" 200 1249
::1 - - [27/Jun/2017:04:41:14 +0000] "GET /styles.css HTTP/1.1" 404 149
::1 - - [27/Jun/2017:04:41:14 +0000] "GET /images.js HTTP/1.1" 404 148
::1 - - [27/Jun/2017:04:41:14 +0000] "GET /app.js HTTP/1.1" 404 145
::1 - - [27/Jun/2017:04:41:14 +0000] "GET /images.js HTTP/1.1" 404 148
::1 - - [27/Jun/2017:04:41:14 +0000] "GET /app.js HTTP/1.1" 404 145
::1 - - [27/Jun/2017:04:41:23 +0000] "POST / HTTP/1.1" 200 1248
::1 - - [27/Jun/2017:04:41:23 +0000] "GET /styles.css HTTP/1.1" 404 149
::1 - - [27/Jun/2017:04:41:23 +0000] "GET /images.js HTTP/1.1" 404 148
::1 - - [27/Jun/2017:04:41:23 +0000] "GET /app.js HTTP/1.1" 404 145
::1 - - [27/Jun/2017:04:41:23 +0000] "GET /images.js HTTP/1.1" 404 148
::1 - - [27/Jun/2017:04:41:23 +0000] "GET /app.js HTTP/1.1" 404 145
::1 - - [27/Jun/2017:04:41:27 +0000] "POST / HTTP/1.1" 200 1247
::1 - - [27/Jun/2017:04:41:27 +0000] "GET /styles.css HTTP/1.1" 404 149
::1 - - [27/Jun/2017:04:41:27 +0000] "GET /images.js HTTP/1.1" 404 148
::1 - - [27/Jun/2017:04:41:27 +0000] "GET /app.js HTTP/1.1" 404 145
::1 - - [27/Jun/2017:04:41:27 +0000] "GET /images.js HTTP/1.1" 404 148
::1 - - [27/Jun/2017:04:41:27 +0000] "GET /app.js HTTP/1.1" 404 145
::1 - - [27/Jun/2017:04:41:37 +0000] "POST / HTTP/1.1" 200 1246
::1 - - [27/Jun/2017:04:41:37 +0000] "GET /styles.css HTTP/1.1" 404 149
::1 - - [27/Jun/2017:04:41:37 +0000] "GET /images.js HTTP/1.1" 404 148
::1 - - [27/Jun/2017:04:41:37 +0000] "GET /app.js HTTP/1.1" 404 145
::1 - - [27/Jun/2017:04:41:37 +0000] "GET /images.js HTTP/1.1" 404 148
::1 - - [27/Jun/2017:04:41:37 +0000] "GET /app.js HTTP/1.1" 404 145
