::1 - - [27/Jun/2017:19:25:50 +0000] "GET / HTTP/1.1" 200 1244
::1 - - [27/Jun/2017:19:25:50 +0000] "GET /styles.css HTTP/1.1" 404 149
::1 - - [27/Jun/2017:19:25:50 +0000] "GET /images.js HTTP/1.1" 404 148
::1 - - [27/Jun/2017:19:25:50 +0000] "GET /app.js HTTP/1.1" 404 145
::1 - - [27/Jun/2017:19:25:50 +0000] "GET /images.js HTTP/1.1" 404 148
::1 - - [27/Jun/2017:19:25:50 +0000] "GET /app.js HTTP/1.1" 404 145
::1 - - [27/Jun/2017:19:25:52 +0000] "POST / HTTP/1.1" 200 1243
::1 - - [27/Jun/2017:19:25:52 +0000] "GET /styles.css HTTP/1.1" 404 149
::1 - - [27/Jun/2017:19:25:52 +0000] "GET /images.js HTTP/1.1" 404 148
::1 - - [27/Jun/2017:19:25:52 +0000] "GET /app.js HTTP/1.1" 404 145
::1 - - [27/Jun/2017:19:25:52 +0000] "GET /images.js HTTP/1.1" 404 148
::1 - - [27/Jun/2017:19:25:52 +0000] "GET /app.js HTTP/1.1" 404 145
::1 - - [27/Jun/2017:19:25:55 +0000] "POST / HTTP/1.1" 200 1244
::1 - - [27/Jun/2017:19:25:55 +0000] "GET /styles.css HTTP/1.1" 404 149
::1 - - [27/Jun/2017:19:25:55 +0000] "GET /images.js HTTP/1.1" 404 148
::1 - - [27/Jun/2017:19:25:55 +0000] "GET /app.js HTTP/1.1" 404 145
::1 - - [27/Jun/2017:19:25:55 +0000] "GET /images.js HTTP/1.1" 404 148
::1 - - [27/Jun/2017:19:25:55 +0000] "GET /app.js HTTP/1.1" 404 145
::1 - - [27/Jun/2017:19:25:59 +0000] "POST / HTTP/1.1" 200 1243
::1 - - [27/Jun/2017:19:25:59 +0000] "GET /styles.css HTTP/1.1" 404 149
::1 - - [27/Jun/2017:19:25:59 +0000] "GET /images.js HTTP/1.1" 404 148
::1 - - [27/Jun/2017:19:25:59 +0000] "GET /app.js HTTP/1.1" 404 145
::1 - - [27/Jun/2017:19:25:59 +0000] "GET /images.js HTTP/1.1" 404 148
::1 - - [27/Jun/2017:19:25:59 +0000] "GET /app.js HTTP/1.1" 404 145
::1 - - [27/Jun/2017:19:26:15 +0000] "POST / HTTP/1.1" 200 1242
::1 - - [27/Jun/2017:19:26:15 +0000] "GET /images.js HTTP/1.1" 404 148
::1 - - [27/Jun/2017:19:26:15 +0000] "GET /styles.css HTTP/1.1" 404 149
::1 - - [27/Jun/2017:19:26:15 +0000] "GET /app.js HTTP/1.1" 404 145
::1 - - [27/Jun/2017:19:26:15 +0000] "GET /app.js HTTP/1.1" 404 145
::1 - - [27/Jun/2017:19:26:15 +0000] "GET /images.js HTTP/1.1" 404 148
::1 - - [27/Jun/2017:19:26:15 +0000] "GET /app.js HTTP/1.1" 404 145
::1 - - [27/Jun/2017:19:26:20 +0000] "POST / HTTP/1.1" 200 1244
::1 - - [27/Jun/2017:19:26:20 +0000] "GET /styles.css HTTP/1.1" 404 149
::1 - - [27/Jun/2017:19:26:20 +0000] "GET /images.js HTTP/1.1" 404 148
::1 - - [27/Jun/2017:19:26:20 +0000] "GET /app.js HTTP/1.1" 404 145
::1 - - [27/Jun/2017:19:26:20 +0000] "GET /images.js HTTP/1.1" 404 148
::1 - - [27/Jun/2017:19:26:20 +0000] "GET /app.js HTTP/1.1" 404 145
