::1 - - [27/Jun/2017:15:18:35 +0000] "POST / HTTP/1.1" 500 2297
::1 - - [27/Jun/2017:15:18:40 +0000] "POST / HTTP/1.1" 500 2297
::1 - - [27/Jun/2017:15:18:43 +0000] "GET / HTTP/1.1" 200 1224
::1 - - [27/Jun/2017:15:18:43 +0000] "GET /styles.css HTTP/1.1" 404 149
::1 - - [27/Jun/2017:15:18:43 +0000] "GET /images.js HTTP/1.1" 404 148
::1 - - [27/Jun/2017:15:18:43 +0000] "GET /app.js HTTP/1.1" 404 145
::1 - - [27/Jun/2017:15:18:43 +0000] "GET /images.js HTTP/1.1" 404 148
::1 - - [27/Jun/2017:15:18:43 +0000] "GET /app.js HTTP/1.1" 404 145
::1 - - [27/Jun/2017:15:18:52 +0000] "POST / HTTP/1.1" 200 1221
::1 - - [27/Jun/2017:15:18:52 +0000] "GET /styles.css HTTP/1.1" 404 149
::1 - - [27/Jun/2017:15:18:52 +0000] "GET /images.js HTTP/1.1" 404 148
::1 - - [27/Jun/2017:15:18:52 +0000] "GET /app.js HTTP/1.1" 404 145
::1 - - [27/Jun/2017:15:18:52 +0000] "GET /images.js HTTP/1.1" 404 148
::1 - - [27/Jun/2017:15:18:52 +0000] "GET /app.js HTTP/1.1" 404 145
::1 - - [27/Jun/2017:15:18:55 +0000] "POST / HTTP/1.1" 200 1220
::1 - - [27/Jun/2017:15:18:55 +0000] "GET /styles.css HTTP/1.1" 404 149
::1 - - [27/Jun/2017:15:18:55 +0000] "GET /images.js HTTP/1.1" 404 148
::1 - - [27/Jun/2017:15:18:55 +0000] "GET /app.js HTTP/1.1" 404 145
::1 - - [27/Jun/2017:15:18:55 +0000] "GET /images.js HTTP/1.1" 404 148
::1 - - [27/Jun/2017:15:18:55 +0000] "GET /app.js HTTP/1.1" 404 145
::1 - - [27/Jun/2017:15:18:57 +0000] "POST / HTTP/1.1" 200 1218
::1 - - [27/Jun/2017:15:18:57 +0000] "GET /images.js HTTP/1.1" 404 148
::1 - - [27/Jun/2017:15:18:57 +0000] "GET /styles.css HTTP/1.1" 404 149
::1 - - [27/Jun/2017:15:18:57 +0000] "GET /app.js HTTP/1.1" 404 145
::1 - - [27/Jun/2017:15:18:57 +0000] "GET /app.js HTTP/1.1" 404 145
::1 - - [27/Jun/2017:15:18:57 +0000] "GET /images.js HTTP/1.1" 404 148
::1 - - [27/Jun/2017:15:18:57 +0000] "GET /app.js HTTP/1.1" 404 145
::1 - - [27/Jun/2017:15:19:00 +0000] "POST / HTTP/1.1" 200 1217
::1 - - [27/Jun/2017:15:19:00 +0000] "GET /images.js HTTP/1.1" 404 148
::1 - - [27/Jun/2017:15:19:00 +0000] "GET /styles.css HTTP/1.1" 404 149
::1 - - [27/Jun/2017:15:19:00 +0000] "GET /app.js HTTP/1.1" 404 145
::1 - - [27/Jun/2017:15:19:00 +0000] "GET /app.js HTTP/1.1" 404 145
::1 - - [27/Jun/2017:15:19:00 +0000] "GET /images.js HTTP/1.1" 404 148
::1 - - [27/Jun/2017:15:19:00 +0000] "GET /app.js HTTP/1.1" 404 145
::1 - - [27/Jun/2017:15:19:03 +0000] "POST / HTTP/1.1" 200 1216
::1 - - [27/Jun/2017:15:19:03 +0000] "GET /styles.css HTTP/1.1" 404 149
::1 - - [27/Jun/2017:15:19:03 +0000] "GET /images.js HTTP/1.1" 404 148
::1 - - [27/Jun/2017:15:19:03 +0000] "GET /app.js HTTP/1.1" 404 145
::1 - - [27/Jun/2017:15:19:03 +0000] "GET /images.js HTTP/1.1" 404 148
::1 - - [27/Jun/2017:15:19:03 +0000] "GET /app.js HTTP/1.1" 404 145
::1 - - [27/Jun/2017:15:19:09 +0000] "POST / HTTP/1.1" 200 1216
::1 - - [27/Jun/2017:15:19:10 +0000] "GET /images.js HTTP/1.1" 404 148
::1 - - [27/Jun/2017:15:19:10 +0000] "GET /styles.css HTTP/1.1" 404 149
::1 - - [27/Jun/2017:15:19:10 +0000] "GET /app.js HTTP/1.1" 404 145
::1 - - [27/Jun/2017:15:19:10 +0000] "GET /app.js HTTP/1.1" 404 145
::1 - - [27/Jun/2017:15:19:10 +0000] "GET /images.js HTTP/1.1" 404 148
::1 - - [27/Jun/2017:15:19:10 +0000] "GET /app.js HTTP/1.1" 404 145
::1 - - [27/Jun/2017:15:19:13 +0000] "POST / HTTP/1.1" 200 1216
::1 - - [27/Jun/2017:15:19:13 +0000] "GET /styles.css HTTP/1.1" 404 149
::1 - - [27/Jun/2017:15:19:13 +0000] "GET /images.js HTTP/1.1" 404 148
::1 - - [27/Jun/2017:15:19:13 +0000] "GET /app.js HTTP/1.1" 404 145
::1 - - [27/Jun/2017:15:19:13 +0000] "GET /images.js HTTP/1.1" 404 148
::1 - - [27/Jun/2017:15:19:13 +0000] "GET /app.js HTTP/1.1" 404 145
::1 - - [27/Jun/2017:15:19:27 +0000] "POST / HTTP/1.1" 200 75
::1 - - [27/Jun/2017:18:20:57 +0000] "GET /images.js HTTP/1.1" 404 148
