::1 - - [27/Jun/2017:04:58:32 +0000] "POST / HTTP/1.1" 500 2297
::1 - - [27/Jun/2017:04:58:35 +0000] "GET / HTTP/1.1" 200 1284
::1 - - [27/Jun/2017:04:58:35 +0000] "GET /styles.css HTTP/1.1" 404 149
::1 - - [27/Jun/2017:04:58:35 +0000] "GET /images.js HTTP/1.1" 404 148
::1 - - [27/Jun/2017:04:58:35 +0000] "GET /app.js HTTP/1.1" 404 145
::1 - - [27/Jun/2017:04:58:35 +0000] "GET /images.js HTTP/1.1" 404 148
::1 - - [27/Jun/2017:04:58:35 +0000] "GET /app.js HTTP/1.1" 404 145
::1 - - [27/Jun/2017:04:58:40 +0000] "POST / HTTP/1.1" 200 1283
::1 - - [27/Jun/2017:04:58:40 +0000] "GET /styles.css HTTP/1.1" 404 149
::1 - - [27/Jun/2017:04:58:40 +0000] "GET /images.js HTTP/1.1" 404 148
::1 - - [27/Jun/2017:04:58:40 +0000] "GET /app.js HTTP/1.1" 404 145
::1 - - [27/Jun/2017:04:58:40 +0000] "GET /images.js HTTP/1.1" 404 148
::1 - - [27/Jun/2017:04:58:40 +0000] "GET /app.js HTTP/1.1" 404 145
::1 - - [27/Jun/2017:04:58:42 +0000] "POST / HTTP/1.1" 200 1282
::1 - - [27/Jun/2017:04:58:42 +0000] "GET /styles.css HTTP/1.1" 404 149
::1 - - [27/Jun/2017:04:58:42 +0000] "GET /images.js HTTP/1.1" 404 148
::1 - - [27/Jun/2017:04:58:42 +0000] "GET /app.js HTTP/1.1" 404 145
::1 - - [27/Jun/2017:04:58:42 +0000] "GET /images.js HTTP/1.1" 404 148
::1 - - [27/Jun/2017:04:58:42 +0000] "GET /app.js HTTP/1.1" 404 145
::1 - - [27/Jun/2017:04:58:59 +0000] "POST / HTTP/1.1" 200 1280
::1 - - [27/Jun/2017:04:58:59 +0000] "GET /styles.css HTTP/1.1" 404 149
::1 - - [27/Jun/2017:04:58:59 +0000] "GET /images.js HTTP/1.1" 404 148
::1 - - [27/Jun/2017:04:58:59 +0000] "GET /app.js HTTP/1.1" 404 145
::1 - - [27/Jun/2017:04:58:59 +0000] "GET /images.js HTTP/1.1" 404 148
::1 - - [27/Jun/2017:04:58:59 +0000] "GET /app.js HTTP/1.1" 404 145
::1 - - [27/Jun/2017:04:59:03 +0000] "POST / HTTP/1.1" 200 1278
::1 - - [27/Jun/2017:04:59:03 +0000] "GET /images.js HTTP/1.1" 404 148
::1 - - [27/Jun/2017:04:59:03 +0000] "GET /styles.css HTTP/1.1" 404 149
::1 - - [27/Jun/2017:04:59:03 +0000] "GET /app.js HTTP/1.1" 404 145
::1 - - [27/Jun/2017:04:59:03 +0000] "GET /app.js HTTP/1.1" 404 145
::1 - - [27/Jun/2017:04:59:03 +0000] "GET /images.js HTTP/1.1" 404 148
::1 - - [27/Jun/2017:04:59:03 +0000] "GET /app.js HTTP/1.1" 404 145
::1 - - [27/Jun/2017:04:59:07 +0000] "POST / HTTP/1.1" 200 1277
::1 - - [27/Jun/2017:04:59:07 +0000] "GET /styles.css HTTP/1.1" 404 149
::1 - - [27/Jun/2017:04:59:07 +0000] "GET /images.js HTTP/1.1" 404 148
::1 - - [27/Jun/2017:04:59:07 +0000] "GET /app.js HTTP/1.1" 404 145
::1 - - [27/Jun/2017:04:59:07 +0000] "GET /images.js HTTP/1.1" 404 148
::1 - - [27/Jun/2017:04:59:07 +0000] "GET /app.js HTTP/1.1" 404 145
::1 - - [27/Jun/2017:04:59:11 +0000] "POST / HTTP/1.1" 200 1276
::1 - - [27/Jun/2017:04:59:11 +0000] "GET /styles.css HTTP/1.1" 404 149
::1 - - [27/Jun/2017:04:59:11 +0000] "GET /images.js HTTP/1.1" 404 148
::1 - - [27/Jun/2017:04:59:11 +0000] "GET /app.js HTTP/1.1" 404 145
::1 - - [27/Jun/2017:04:59:11 +0000] "GET /images.js HTTP/1.1" 404 148
::1 - - [27/Jun/2017:04:59:11 +0000] "GET /app.js HTTP/1.1" 404 145
::1 - - [27/Jun/2017:04:59:14 +0000] "POST / HTTP/1.1" 200 1275
::1 - - [27/Jun/2017:04:59:14 +0000] "GET /styles.css HTTP/1.1" 404 149
::1 - - [27/Jun/2017:04:59:14 +0000] "GET /images.js HTTP/1.1" 404 148
::1 - - [27/Jun/2017:04:59:14 +0000] "GET /app.js HTTP/1.1" 404 145
::1 - - [27/Jun/2017:04:59:14 +0000] "GET /images.js HTTP/1.1" 404 148
::1 - - [27/Jun/2017:04:59:14 +0000] "GET /app.js HTTP/1.1" 404 145
::1 - - [27/Jun/2017:04:59:16 +0000] "POST / HTTP/1.1" 200 1274
::1 - - [27/Jun/2017:04:59:16 +0000] "GET /styles.css HTTP/1.1" 404 149
::1 - - [27/Jun/2017:04:59:16 +0000] "GET /images.js HTTP/1.1" 404 148
::1 - - [27/Jun/2017:04:59:16 +0000] "GET /app.js HTTP/1.1" 404 145
::1 - - [27/Jun/2017:04:59:16 +0000] "GET /images.js HTTP/1.1" 404 148
::1 - - [27/Jun/2017:04:59:16 +0000] "GET /app.js HTTP/1.1" 404 145
::1 - - [27/Jun/2017:04:59:19 +0000] "POST / HTTP/1.1" 200 1273
::1 - - [27/Jun/2017:04:59:19 +0000] "GET /styles.css HTTP/1.1" 404 149
::1 - - [27/Jun/2017:04:59:19 +0000] "GET /images.js HTTP/1.1" 404 148
::1 - - [27/Jun/2017:04:59:19 +0000] "GET /app.js HTTP/1.1" 404 145
::1 - - [27/Jun/2017:04:59:19 +0000] "GET /images.js HTTP/1.1" 404 148
::1 - - [27/Jun/2017:04:59:19 +0000] "GET /app.js HTTP/1.1" 404 145
::1 - - [27/Jun/2017:04:59:22 +0000] "POST / HTTP/1.1" 200 1272
::1 - - [27/Jun/2017:04:59:22 +0000] "GET /styles.css HTTP/1.1" 404 149
::1 - - [27/Jun/2017:04:59:22 +0000] "GET /images.js HTTP/1.1" 404 148
::1 - - [27/Jun/2017:04:59:22 +0000] "GET /app.js HTTP/1.1" 404 145
::1 - - [27/Jun/2017:04:59:22 +0000] "GET /images.js HTTP/1.1" 404 148
::1 - - [27/Jun/2017:04:59:22 +0000] "GET /app.js HTTP/1.1" 404 145
::1 - - [27/Jun/2017:04:59:27 +0000] "POST / HTTP/1.1" 200 1271
::1 - - [27/Jun/2017:04:59:27 +0000] "GET /styles.css HTTP/1.1" 404 149
::1 - - [27/Jun/2017:04:59:27 +0000] "GET /images.js HTTP/1.1" 404 148
::1 - - [27/Jun/2017:04:59:27 +0000] "GET /app.js HTTP/1.1" 404 145
::1 - - [27/Jun/2017:04:59:27 +0000] "GET /images.js HTTP/1.1" 404 148
::1 - - [27/Jun/2017:04:59:27 +0000] "GET /app.js HTTP/1.1" 404 145
