::1 - - [27/Jun/2017:04:24:01 +0000] "GET / HTTP/1.1" 304 -
::1 - - [27/Jun/2017:04:24:01 +0000] "GET /styles.css HTTP/1.1" 404 149
::1 - - [27/Jun/2017:04:24:01 +0000] "GET /images.js HTTP/1.1" 404 148
::1 - - [27/Jun/2017:04:24:01 +0000] "GET /app.js HTTP/1.1" 404 145
::1 - - [27/Jun/2017:04:24:01 +0000] "GET /hangman0.png HTTP/1.1" 404 151
::1 - - [27/Jun/2017:04:24:01 +0000] "GET /images.js HTTP/1.1" 404 148
::1 - - [27/Jun/2017:04:24:01 +0000] "GET /app.js HTTP/1.1" 404 145
::1 - - [27/Jun/2017:04:24:02 +0000] "GET / HTTP/1.1" 304 -
::1 - - [27/Jun/2017:04:24:02 +0000] "GET /styles.css HTTP/1.1" 404 149
::1 - - [27/Jun/2017:04:24:02 +0000] "GET /images.js HTTP/1.1" 404 148
::1 - - [27/Jun/2017:04:24:02 +0000] "GET /app.js HTTP/1.1" 404 145
::1 - - [27/Jun/2017:04:24:02 +0000] "GET /hangman0.png HTTP/1.1" 404 151
::1 - - [27/Jun/2017:04:24:02 +0000] "GET /images.js HTTP/1.1" 404 148
::1 - - [27/Jun/2017:04:24:03 +0000] "GET /app.js HTTP/1.1" 404 145
::1 - - [27/Jun/2017:04:24:26 +0000] "POST / HTTP/1.1" 200 1228
::1 - - [27/Jun/2017:04:24:26 +0000] "GET /styles.css HTTP/1.1" 404 149
::1 - - [27/Jun/2017:04:24:26 +0000] "GET /images.js HTTP/1.1" 404 148
::1 - - [27/Jun/2017:04:24:26 +0000] "GET /app.js HTTP/1.1" 404 145
::1 - - [27/Jun/2017:04:24:26 +0000] "GET /NaN HTTP/1.1" 404 142
::1 - - [27/Jun/2017:04:24:26 +0000] "GET /images.js HTTP/1.1" 404 148
::1 - - [27/Jun/2017:04:24:26 +0000] "GET /app.js HTTP/1.1" 404 145
::1 - - [27/Jun/2017:04:24:30 +0000] "POST / HTTP/1.1" 200 1230
::1 - - [27/Jun/2017:04:24:30 +0000] "GET /images.js HTTP/1.1" 404 148
::1 - - [27/Jun/2017:04:24:30 +0000] "GET /styles.css HTTP/1.1" 404 149
::1 - - [27/Jun/2017:04:24:30 +0000] "GET /app.js HTTP/1.1" 404 145
::1 - - [27/Jun/2017:04:24:30 +0000] "GET /NaN HTTP/1.1" 404 142
::1 - - [27/Jun/2017:04:24:30 +0000] "GET /app.js HTTP/1.1" 404 145
::1 - - [27/Jun/2017:04:24:30 +0000] "GET /NaN HTTP/1.1" 404 142
::1 - - [27/Jun/2017:04:24:30 +0000] "GET /images.js HTTP/1.1" 404 148
::1 - - [27/Jun/2017:04:24:30 +0000] "GET /app.js HTTP/1.1" 404 145
::1 - - [27/Jun/2017:04:24:32 +0000] "POST / HTTP/1.1" 200 1232
::1 - - [27/Jun/2017:04:24:32 +0000] "GET /styles.css HTTP/1.1" 404 149
::1 - - [27/Jun/2017:04:24:32 +0000] "GET /images.js HTTP/1.1" 404 148
::1 - - [27/Jun/2017:04:24:32 +0000] "GET /app.js HTTP/1.1" 404 145
::1 - - [27/Jun/2017:04:24:32 +0000] "GET /NaN HTTP/1.1" 404 142
::1 - - [27/Jun/2017:04:24:32 +0000] "GET /images.js HTTP/1.1" 404 148
::1 - - [27/Jun/2017:04:24:32 +0000] "GET /app.js HTTP/1.1" 404 145
::1 - - [27/Jun/2017:04:24:40 +0000] "POST / HTTP/1.1" - -
