::1 - - [27/Jun/2017:15:07:06 +0000] "GET / HTTP/1.1" 200 1224
::1 - - [27/Jun/2017:15:07:06 +0000] "GET /styles.css HTTP/1.1" 404 149
::1 - - [27/Jun/2017:15:07:06 +0000] "GET /images.js HTTP/1.1" 404 148
::1 - - [27/Jun/2017:15:07:06 +0000] "GET /app.js HTTP/1.1" 404 145
::1 - - [27/Jun/2017:15:07:06 +0000] "GET /images.js HTTP/1.1" 404 148
::1 - - [27/Jun/2017:15:07:06 +0000] "GET /app.js HTTP/1.1" 404 145
::1 - - [27/Jun/2017:15:07:14 +0000] "POST / HTTP/1.1" 200 1223
::1 - - [27/Jun/2017:15:07:14 +0000] "GET /styles.css HTTP/1.1" 404 149
::1 - - [27/Jun/2017:15:07:14 +0000] "GET /images.js HTTP/1.1" 404 148
::1 - - [27/Jun/2017:15:07:14 +0000] "GET /app.js HTTP/1.1" 404 145
::1 - - [27/Jun/2017:15:07:14 +0000] "GET /images.js HTTP/1.1" 404 148
::1 - - [27/Jun/2017:15:07:14 +0000] "GET /app.js HTTP/1.1" 404 145
::1 - - [27/Jun/2017:15:07:16 +0000] "POST / HTTP/1.1" 200 1222
::1 - - [27/Jun/2017:15:07:16 +0000] "GET /styles.css HTTP/1.1" 404 149
::1 - - [27/Jun/2017:15:07:16 +0000] "GET /images.js HTTP/1.1" 404 148
::1 - - [27/Jun/2017:15:07:16 +0000] "GET /app.js HTTP/1.1" 404 145
::1 - - [27/Jun/2017:15:07:16 +0000] "GET /images.js HTTP/1.1" 404 148
::1 - - [27/Jun/2017:15:07:16 +0000] "GET /app.js HTTP/1.1" 404 145
::1 - - [27/Jun/2017:15:07:18 +0000] "POST / HTTP/1.1" 200 1220
::1 - - [27/Jun/2017:15:07:18 +0000] "GET /images.js HTTP/1.1" 404 148
::1 - - [27/Jun/2017:15:07:18 +0000] "GET /styles.css HTTP/1.1" 404 149
::1 - - [27/Jun/2017:15:07:18 +0000] "GET /app.js HTTP/1.1" 404 145
::1 - - [27/Jun/2017:15:07:18 +0000] "GET /app.js HTTP/1.1" 404 145
::1 - - [27/Jun/2017:15:07:18 +0000] "GET /images.js HTTP/1.1" 404 148
::1 - - [27/Jun/2017:15:07:18 +0000] "GET /app.js HTTP/1.1" 404 145
::1 - - [27/Jun/2017:15:07:20 +0000] "POST / HTTP/1.1" 200 1219
::1 - - [27/Jun/2017:15:07:20 +0000] "GET /images.js HTTP/1.1" 404 148
::1 - - [27/Jun/2017:15:07:20 +0000] "GET /app.js HTTP/1.1" 404 145
::1 - - [27/Jun/2017:15:07:20 +0000] "GET /styles.css HTTP/1.1" 404 149
::1 - - [27/Jun/2017:15:07:20 +0000] "GET /app.js HTTP/1.1" 404 145
::1 - - [27/Jun/2017:15:07:21 +0000] "GET /images.js HTTP/1.1" 404 148
::1 - - [27/Jun/2017:15:07:21 +0000] "GET /app.js HTTP/1.1" 404 145
::1 - - [27/Jun/2017:15:07:22 +0000] "POST / HTTP/1.1" 200 1218
::1 - - [27/Jun/2017:15:07:22 +0000] "GET /styles.css HTTP/1.1" 404 149
::1 - - [27/Jun/2017:15:07:22 +0000] "GET /images.js HTTP/1.1" 404 148
::1 - - [27/Jun/2017:15:07:22 +0000] "GET /app.js HTTP/1.1" 404 145
::1 - - [27/Jun/2017:15:07:22 +0000] "GET /images.js HTTP/1.1" 404 148
::1 - - [27/Jun/2017:15:07:22 +0000] "GET /app.js HTTP/1.1" 404 145
::1 - - [27/Jun/2017:15:07:29 +0000] "POST / HTTP/1.1" 200 1217
::1 - - [27/Jun/2017:15:07:29 +0000] "GET /styles.css HTTP/1.1" 404 149
::1 - - [27/Jun/2017:15:07:29 +0000] "GET /images.js HTTP/1.1" 404 148
::1 - - [27/Jun/2017:15:07:29 +0000] "GET /app.js HTTP/1.1" 404 145
::1 - - [27/Jun/2017:15:07:30 +0000] "GET /images.js HTTP/1.1" 404 148
::1 - - [27/Jun/2017:15:07:30 +0000] "GET /app.js HTTP/1.1" 404 145
::1 - - [27/Jun/2017:15:07:32 +0000] "POST / HTTP/1.1" 200 1216
::1 - - [27/Jun/2017:15:07:32 +0000] "GET /styles.css HTTP/1.1" 404 149
::1 - - [27/Jun/2017:15:07:32 +0000] "GET /images.js HTTP/1.1" 404 148
::1 - - [27/Jun/2017:15:07:32 +0000] "GET /app.js HTTP/1.1" 404 145
::1 - - [27/Jun/2017:15:07:32 +0000] "GET /images.js HTTP/1.1" 404 148
::1 - - [27/Jun/2017:15:07:32 +0000] "GET /app.js HTTP/1.1" 404 145
::1 - - [27/Jun/2017:15:07:34 +0000] "POST / HTTP/1.1" 200 8
::1 - - [27/Jun/2017:15:07:41 +0000] "POST / HTTP/1.1" 200 8
