::1 - - [27/Jun/2017:04:35:30 +0000] "GET / HTTP/1.1" 200 1257
::1 - - [27/Jun/2017:04:35:30 +0000] "GET /styles.css HTTP/1.1" 404 149
::1 - - [27/Jun/2017:04:35:30 +0000] "GET /images.js HTTP/1.1" 404 148
::1 - - [27/Jun/2017:04:35:30 +0000] "GET /app.js HTTP/1.1" 404 145
::1 - - [27/Jun/2017:04:35:30 +0000] "GET /hangman0.png HTTP/1.1" 404 151
::1 - - [27/Jun/2017:04:35:30 +0000] "GET /images.js HTTP/1.1" 404 148
::1 - - [27/Jun/2017:04:35:30 +0000] "GET /app.js HTTP/1.1" 404 145
::1 - - [27/Jun/2017:04:35:34 +0000] "POST / HTTP/1.1" 200 1258
::1 - - [27/Jun/2017:04:35:34 +0000] "GET /styles.css HTTP/1.1" 404 149
::1 - - [27/Jun/2017:04:35:34 +0000] "GET /images.js HTTP/1.1" 404 148
::1 - - [27/Jun/2017:04:35:34 +0000] "GET /app.js HTTP/1.1" 404 145
::1 - - [27/Jun/2017:04:35:34 +0000] "GET /hangman0.png HTTP/1.1" 404 151
::1 - - [27/Jun/2017:04:35:34 +0000] "GET /images.js HTTP/1.1" 404 148
::1 - - [27/Jun/2017:04:35:34 +0000] "GET /app.js HTTP/1.1" 404 145
::1 - - [27/Jun/2017:04:35:37 +0000] "POST / HTTP/1.1" 200 1260
::1 - - [27/Jun/2017:04:35:37 +0000] "GET /styles.css HTTP/1.1" 404 149
::1 - - [27/Jun/2017:04:35:37 +0000] "GET /images.js HTTP/1.1" 404 148
::1 - - [27/Jun/2017:04:35:37 +0000] "GET /app.js HTTP/1.1" 404 145
::1 - - [27/Jun/2017:04:35:37 +0000] "GET /hangman0.png HTTP/1.1" 404 151
::1 - - [27/Jun/2017:04:35:37 +0000] "GET /images.js HTTP/1.1" 404 148
::1 - - [27/Jun/2017:04:35:37 +0000] "GET /app.js HTTP/1.1" 404 145
::1 - - [27/Jun/2017:04:35:39 +0000] "POST / HTTP/1.1" 200 1089
::1 - - [27/Jun/2017:04:35:39 +0000] "GET /styles.css HTTP/1.1" 404 149
::1 - - [27/Jun/2017:04:35:39 +0000] "GET /images.js HTTP/1.1" 404 148
::1 - - [27/Jun/2017:04:35:39 +0000] "GET /app.js HTTP/1.1" 404 145
::1 - - [27/Jun/2017:04:35:39 +0000] "GET /images.js HTTP/1.1" 404 148
::1 - - [27/Jun/2017:04:35:40 +0000] "GET /app.js HTTP/1.1" 404 145
