::1 - - [27/Jun/2017:04:56:07 +0000] "GET / HTTP/1.1" 200 1269
::1 - - [27/Jun/2017:04:56:07 +0000] "GET /styles.css HTTP/1.1" 404 149
::1 - - [27/Jun/2017:04:56:07 +0000] "GET /images.js HTTP/1.1" 404 148
::1 - - [27/Jun/2017:04:56:07 +0000] "GET /app.js HTTP/1.1" 404 145
::1 - - [27/Jun/2017:04:56:07 +0000] "GET /images.js HTTP/1.1" 404 148
::1 - - [27/Jun/2017:04:56:07 +0000] "GET /app.js HTTP/1.1" 404 145
::1 - - [27/Jun/2017:04:56:15 +0000] "POST / HTTP/1.1" 200 1268
::1 - - [27/Jun/2017:04:56:15 +0000] "GET /styles.css HTTP/1.1" 404 149
::1 - - [27/Jun/2017:04:56:15 +0000] "GET /images.js HTTP/1.1" 404 148
::1 - - [27/Jun/2017:04:56:15 +0000] "GET /app.js HTTP/1.1" 404 145
::1 - - [27/Jun/2017:04:56:15 +0000] "GET /images.js HTTP/1.1" 404 148
::1 - - [27/Jun/2017:04:56:15 +0000] "GET /app.js HTTP/1.1" 404 145
::1 - - [27/Jun/2017:04:56:17 +0000] "POST / HTTP/1.1" 200 1269
::1 - - [27/Jun/2017:04:56:17 +0000] "GET /images.js HTTP/1.1" 404 148
::1 - - [27/Jun/2017:04:56:17 +0000] "GET /styles.css HTTP/1.1" 404 149
::1 - - [27/Jun/2017:04:56:17 +0000] "GET /app.js HTTP/1.1" 404 145
::1 - - [27/Jun/2017:04:56:17 +0000] "GET /app.js HTTP/1.1" 404 145
::1 - - [27/Jun/2017:04:56:17 +0000] "GET /images.js HTTP/1.1" 404 148
::1 - - [27/Jun/2017:04:56:17 +0000] "GET /app.js HTTP/1.1" 404 145
::1 - - [27/Jun/2017:04:56:20 +0000] "POST / HTTP/1.1" 200 1271
::1 - - [27/Jun/2017:04:56:20 +0000] "GET /styles.css HTTP/1.1" 404 149
::1 - - [27/Jun/2017:04:56:20 +0000] "GET /images.js HTTP/1.1" 404 148
::1 - - [27/Jun/2017:04:56:20 +0000] "GET /app.js HTTP/1.1" 404 145
::1 - - [27/Jun/2017:04:56:20 +0000] "GET /images.js HTTP/1.1" 404 148
::1 - - [27/Jun/2017:04:56:20 +0000] "GET /app.js HTTP/1.1" 404 145
::1 - - [27/Jun/2017:04:56:22 +0000] "POST / HTTP/1.1" 200 1269
::1 - - [27/Jun/2017:04:56:22 +0000] "GET /styles.css HTTP/1.1" 404 149
::1 - - [27/Jun/2017:04:56:22 +0000] "GET /images.js HTTP/1.1" 404 148
::1 - - [27/Jun/2017:04:56:22 +0000] "GET /app.js HTTP/1.1" 404 145
::1 - - [27/Jun/2017:04:56:22 +0000] "GET /images.js HTTP/1.1" 404 148
::1 - - [27/Jun/2017:04:56:22 +0000] "GET /app.js HTTP/1.1" 404 145
::1 - - [27/Jun/2017:04:56:24 +0000] "POST / HTTP/1.1" 200 1267
::1 - - [27/Jun/2017:04:56:24 +0000] "GET /styles.css HTTP/1.1" 404 149
::1 - - [27/Jun/2017:04:56:24 +0000] "GET /images.js HTTP/1.1" 404 148
::1 - - [27/Jun/2017:04:56:24 +0000] "GET /app.js HTTP/1.1" 404 145
::1 - - [27/Jun/2017:04:56:24 +0000] "GET /images.js HTTP/1.1" 404 148
::1 - - [27/Jun/2017:04:56:24 +0000] "GET /app.js HTTP/1.1" 404 145
::1 - - [27/Jun/2017:04:56:27 +0000] "POST / HTTP/1.1" 200 1269
::1 - - [27/Jun/2017:04:56:27 +0000] "GET /styles.css HTTP/1.1" 404 149
::1 - - [27/Jun/2017:04:56:27 +0000] "GET /images.js HTTP/1.1" 404 148
::1 - - [27/Jun/2017:04:56:27 +0000] "GET /app.js HTTP/1.1" 404 145
::1 - - [27/Jun/2017:04:56:27 +0000] "GET /images.js HTTP/1.1" 404 148
::1 - - [27/Jun/2017:04:56:27 +0000] "GET /app.js HTTP/1.1" 404 145
::1 - - [27/Jun/2017:04:56:30 +0000] "POST / HTTP/1.1" 200 1271
::1 - - [27/Jun/2017:04:56:30 +0000] "GET /styles.css HTTP/1.1" 404 149
::1 - - [27/Jun/2017:04:56:30 +0000] "GET /images.js HTTP/1.1" 404 148
::1 - - [27/Jun/2017:04:56:30 +0000] "GET /app.js HTTP/1.1" 404 145
::1 - - [27/Jun/2017:04:56:30 +0000] "GET /images.js HTTP/1.1" 404 148
::1 - - [27/Jun/2017:04:56:30 +0000] "GET /app.js HTTP/1.1" 404 145
::1 - - [27/Jun/2017:04:56:32 +0000] "POST / HTTP/1.1" 200 1273
::1 - - [27/Jun/2017:04:56:32 +0000] "GET /styles.css HTTP/1.1" 404 149
::1 - - [27/Jun/2017:04:56:32 +0000] "GET /images.js HTTP/1.1" 404 148
::1 - - [27/Jun/2017:04:56:32 +0000] "GET /app.js HTTP/1.1" 404 145
::1 - - [27/Jun/2017:04:56:32 +0000] "GET /images.js HTTP/1.1" 404 148
::1 - - [27/Jun/2017:04:56:32 +0000] "GET /app.js HTTP/1.1" 404 145
::1 - - [27/Jun/2017:04:56:34 +0000] "POST / HTTP/1.1" 200 1275
::1 - - [27/Jun/2017:04:56:34 +0000] "GET /styles.css HTTP/1.1" 404 149
::1 - - [27/Jun/2017:04:56:34 +0000] "GET /images.js HTTP/1.1" 404 148
::1 - - [27/Jun/2017:04:56:34 +0000] "GET /app.js HTTP/1.1" 404 145
::1 - - [27/Jun/2017:04:56:34 +0000] "GET /images.js HTTP/1.1" 404 148
::1 - - [27/Jun/2017:04:56:34 +0000] "GET /app.js HTTP/1.1" 404 145
::1 - - [27/Jun/2017:04:56:36 +0000] "POST / HTTP/1.1" 200 1277
::1 - - [27/Jun/2017:04:56:36 +0000] "GET /styles.css HTTP/1.1" 404 149
::1 - - [27/Jun/2017:04:56:36 +0000] "GET /images.js HTTP/1.1" 404 148
::1 - - [27/Jun/2017:04:56:36 +0000] "GET /app.js HTTP/1.1" 404 145
::1 - - [27/Jun/2017:04:56:36 +0000] "GET /images.js HTTP/1.1" 404 148
::1 - - [27/Jun/2017:04:56:36 +0000] "GET /app.js HTTP/1.1" 404 145
::1 - - [27/Jun/2017:04:56:44 +0000] "POST / HTTP/1.1" 200 1276
::1 - - [27/Jun/2017:04:56:44 +0000] "GET /styles.css HTTP/1.1" 404 149
::1 - - [27/Jun/2017:04:56:44 +0000] "GET /images.js HTTP/1.1" 404 148
::1 - - [27/Jun/2017:04:56:44 +0000] "GET /app.js HTTP/1.1" 404 145
::1 - - [27/Jun/2017:04:56:45 +0000] "GET /images.js HTTP/1.1" 404 148
::1 - - [27/Jun/2017:04:56:45 +0000] "GET /app.js HTTP/1.1" 404 145
::1 - - [27/Jun/2017:04:56:48 +0000] "POST / HTTP/1.1" 200 1278
::1 - - [27/Jun/2017:04:56:48 +0000] "GET /styles.css HTTP/1.1" 404 149
::1 - - [27/Jun/2017:04:56:48 +0000] "GET /images.js HTTP/1.1" 404 148
::1 - - [27/Jun/2017:04:56:48 +0000] "GET /app.js HTTP/1.1" 404 145
::1 - - [27/Jun/2017:04:56:48 +0000] "GET /images.js HTTP/1.1" 404 148
::1 - - [27/Jun/2017:04:56:48 +0000] "GET /app.js HTTP/1.1" 404 145
::1 - - [27/Jun/2017:04:56:51 +0000] "POST / HTTP/1.1" 200 1277
::1 - - [27/Jun/2017:04:56:51 +0000] "GET /styles.css HTTP/1.1" 404 149
::1 - - [27/Jun/2017:04:56:51 +0000] "GET /images.js HTTP/1.1" 404 148
::1 - - [27/Jun/2017:04:56:51 +0000] "GET /app.js HTTP/1.1" 404 145
::1 - - [27/Jun/2017:04:56:51 +0000] "GET /images.js HTTP/1.1" 404 148
::1 - - [27/Jun/2017:04:56:51 +0000] "GET /app.js HTTP/1.1" 404 145
::1 - - [27/Jun/2017:04:56:53 +0000] "POST / HTTP/1.1" 200 1279
::1 - - [27/Jun/2017:04:56:54 +0000] "GET /styles.css HTTP/1.1" 404 149
::1 - - [27/Jun/2017:04:56:54 +0000] "GET /images.js HTTP/1.1" 404 148
::1 - - [27/Jun/2017:04:56:54 +0000] "GET /app.js HTTP/1.1" 404 145
::1 - - [27/Jun/2017:04:56:54 +0000] "GET /images.js HTTP/1.1" 404 148
::1 - - [27/Jun/2017:04:56:54 +0000] "GET /app.js HTTP/1.1" 404 145
::1 - - [27/Jun/2017:04:57:11 +0000] "POST / HTTP/1.1" 200 1281
::1 - - [27/Jun/2017:04:57:11 +0000] "GET /styles.css HTTP/1.1" 404 149
::1 - - [27/Jun/2017:04:57:11 +0000] "GET /images.js HTTP/1.1" 404 148
::1 - - [27/Jun/2017:04:57:11 +0000] "GET /app.js HTTP/1.1" 404 145
::1 - - [27/Jun/2017:04:57:11 +0000] "GET /images.js HTTP/1.1" 404 148
::1 - - [27/Jun/2017:04:57:11 +0000] "GET /app.js HTTP/1.1" 404 145
::1 - - [27/Jun/2017:04:57:16 +0000] "POST / HTTP/1.1" 200 1283
::1 - - [27/Jun/2017:04:57:16 +0000] "GET /styles.css HTTP/1.1" 404 149
::1 - - [27/Jun/2017:04:57:16 +0000] "GET /images.js HTTP/1.1" 404 148
::1 - - [27/Jun/2017:04:57:16 +0000] "GET /app.js HTTP/1.1" 404 145
::1 - - [27/Jun/2017:04:57:16 +0000] "GET /images.js HTTP/1.1" 404 148
::1 - - [27/Jun/2017:04:57:16 +0000] "GET /app.js HTTP/1.1" 404 145
