::1 - - [27/Jun/2017:15:17:27 +0000] "GET / HTTP/1.1" 200 1254
::1 - - [27/Jun/2017:15:17:27 +0000] "GET /styles.css HTTP/1.1" 404 149
::1 - - [27/Jun/2017:15:17:27 +0000] "GET /images.js HTTP/1.1" 404 148
::1 - - [27/Jun/2017:15:17:27 +0000] "GET /app.js HTTP/1.1" 404 145
::1 - - [27/Jun/2017:15:17:27 +0000] "GET /images.js HTTP/1.1" 404 148
::1 - - [27/Jun/2017:15:17:27 +0000] "GET /app.js HTTP/1.1" 404 145
::1 - - [27/Jun/2017:15:17:33 +0000] "POST / HTTP/1.1" 200 1253
::1 - - [27/Jun/2017:15:17:33 +0000] "GET /app.js HTTP/1.1" 404 145
::1 - - [27/Jun/2017:15:17:33 +0000] "GET /styles.css HTTP/1.1" 404 149
::1 - - [27/Jun/2017:15:17:33 +0000] "GET /images.js HTTP/1.1" 404 148
::1 - - [27/Jun/2017:15:17:33 +0000] "GET /app.js HTTP/1.1" 404 145
::1 - - [27/Jun/2017:15:17:33 +0000] "GET /images.js HTTP/1.1" 404 148
::1 - - [27/Jun/2017:15:17:33 +0000] "GET /app.js HTTP/1.1" 404 145
::1 - - [27/Jun/2017:15:17:36 +0000] "POST / HTTP/1.1" 200 1252
::1 - - [27/Jun/2017:15:17:36 +0000] "GET /styles.css HTTP/1.1" 404 149
::1 - - [27/Jun/2017:15:17:36 +0000] "GET /images.js HTTP/1.1" 404 148
::1 - - [27/Jun/2017:15:17:36 +0000] "GET /app.js HTTP/1.1" 404 145
::1 - - [27/Jun/2017:15:17:36 +0000] "GET /images.js HTTP/1.1" 404 148
::1 - - [27/Jun/2017:15:17:36 +0000] "GET /app.js HTTP/1.1" 404 145
::1 - - [27/Jun/2017:15:17:39 +0000] "POST / HTTP/1.1" 200 1250
::1 - - [27/Jun/2017:15:17:39 +0000] "GET /styles.css HTTP/1.1" 404 149
::1 - - [27/Jun/2017:15:17:39 +0000] "GET /images.js HTTP/1.1" 404 148
::1 - - [27/Jun/2017:15:17:39 +0000] "GET /app.js HTTP/1.1" 404 145
::1 - - [27/Jun/2017:15:17:39 +0000] "GET /images.js HTTP/1.1" 404 148
::1 - - [27/Jun/2017:15:17:39 +0000] "GET /app.js HTTP/1.1" 404 145
::1 - - [27/Jun/2017:15:17:43 +0000] "POST / HTTP/1.1" 200 1248
::1 - - [27/Jun/2017:15:17:43 +0000] "GET /images.js HTTP/1.1" 404 148
::1 - - [27/Jun/2017:15:17:43 +0000] "GET /styles.css HTTP/1.1" 404 149
::1 - - [27/Jun/2017:15:17:43 +0000] "GET /app.js HTTP/1.1" 404 145
::1 - - [27/Jun/2017:15:17:43 +0000] "GET /app.js HTTP/1.1" 404 145
::1 - - [27/Jun/2017:15:17:43 +0000] "GET /images.js HTTP/1.1" 404 148
::1 - - [27/Jun/2017:15:17:43 +0000] "GET /app.js HTTP/1.1" 404 145
::1 - - [27/Jun/2017:15:17:46 +0000] "POST / HTTP/1.1" 200 1246
::1 - - [27/Jun/2017:15:17:46 +0000] "GET /images.js HTTP/1.1" 404 148
::1 - - [27/Jun/2017:15:17:46 +0000] "GET /styles.css HTTP/1.1" 404 149
::1 - - [27/Jun/2017:15:17:46 +0000] "GET /app.js HTTP/1.1" 404 145
::1 - - [27/Jun/2017:15:17:46 +0000] "GET /app.js HTTP/1.1" 404 145
::1 - - [27/Jun/2017:15:17:46 +0000] "GET /images.js HTTP/1.1" 404 148
::1 - - [27/Jun/2017:15:17:46 +0000] "GET /app.js HTTP/1.1" 404 145
::1 - - [27/Jun/2017:15:17:50 +0000] "POST / HTTP/1.1" 200 1245
::1 - - [27/Jun/2017:15:17:50 +0000] "GET /images.js HTTP/1.1" 404 148
::1 - - [27/Jun/2017:15:17:50 +0000] "GET /styles.css HTTP/1.1" 404 149
::1 - - [27/Jun/2017:15:17:50 +0000] "GET /app.js HTTP/1.1" 404 145
::1 - - [27/Jun/2017:15:17:50 +0000] "GET /app.js HTTP/1.1" 404 145
::1 - - [27/Jun/2017:15:17:50 +0000] "GET /images.js HTTP/1.1" 404 148
::1 - - [27/Jun/2017:15:17:50 +0000] "GET /app.js HTTP/1.1" 404 145
::1 - - [27/Jun/2017:15:17:53 +0000] "POST / HTTP/1.1" 200 1244
::1 - - [27/Jun/2017:15:17:53 +0000] "GET /styles.css HTTP/1.1" 404 149
::1 - - [27/Jun/2017:15:17:53 +0000] "GET /images.js HTTP/1.1" 404 148
::1 - - [27/Jun/2017:15:17:53 +0000] "GET /app.js HTTP/1.1" 404 145
::1 - - [27/Jun/2017:15:17:53 +0000] "GET /images.js HTTP/1.1" 404 148
::1 - - [27/Jun/2017:15:17:53 +0000] "GET /app.js HTTP/1.1" 404 145
::1 - - [27/Jun/2017:15:17:55 +0000] "POST / HTTP/1.1" 500 1944
